This is pdfTeX, Version 3.14159265-2.6-1.40.18 (MiKTeX 2.9.6500) (preloaded format=pdflatex 2018.1.22)  5 JUN 2020 16:14
entering extended mode
**./coursework.tex
(coursework.tex
LaTeX2e <2017-04-15>
Babel <3.16> and hyphenation patterns for 75 language(s) loaded.
(SCWorks.cls (D:\PortableTEX\texmfs\install\tex\latex\extsizes\extarticle.cls
Document Class: extarticle 1996/10/08 v1.0 Non Standard LaTeX document class
(D:\PortableTEX\texmfs\install\tex\latex\extsizes\size14.clo
File: size14.clo 1999/11/11 v1.4a NON-Standard LaTeX file (size option)
)
(D:\PortableTEX\texmfs\install\tex\latex\base\exscale.sty
Package: exscale 2014/09/29 v2.1h Standard LaTeX package exscale
LaTeX Font Info:    Redeclaring symbol font `largesymbols' on input line 57.
LaTeX Font Info:    Overwriting symbol font `largesymbols' in version `normal'
(Font)                  OMX/cmex/m/n --> OMX/cmex/m/n on input line 57.
LaTeX Font Info:    Overwriting symbol font `largesymbols' in version `bold'
(Font)                  OMX/cmex/m/n --> OMX/cmex/m/n on input line 57.
\big@size=\dimen102
)
\c@part=\count79
\c@section=\count80
\c@subsection=\count81
\c@subsubsection=\count82
\c@paragraph=\count83
\c@subparagraph=\count84
\c@figure=\count85
\c@table=\count86
\abovecaptionskip=\skip41
\belowcaptionskip=\skip42
\bibindent=\dimen103
)
(D:\PortableTEX\texmfs\install\tex\latex\geometry\geometry.sty
Package: geometry 2010/09/12 v5.6 Page Geometry

(D:\PortableTEX\texmfs\install\tex\latex\graphics\keyval.sty
Package: keyval 2014/10/28 v1.15 key=value parser (DPC)
\KV@toks@=\toks14
)
(D:\PortableTEX\texmfs\install\tex\generic\oberdiek\ifpdf.sty
Package: ifpdf 2017/03/15 v3.2 Provides the ifpdf switch
)
(D:\PortableTEX\texmfs\install\tex\generic\oberdiek\ifvtex.sty
Package: ifvtex 2016/05/16 v1.6 Detect VTeX and its facilities (HO)
Package ifvtex Info: VTeX not detected.
)
(D:\PortableTEX\texmfs\install\tex\generic\ifxetex\ifxetex.sty
Package: ifxetex 2010/09/12 v0.6 Provides ifxetex conditional
)
\Gm@cnth=\count87
\Gm@cntv=\count88
\c@Gm@tempcnt=\count89
\Gm@bindingoffset=\dimen104
\Gm@wd@mp=\dimen105
\Gm@odd@mp=\dimen106
\Gm@even@mp=\dimen107
\Gm@layoutwidth=\dimen108
\Gm@layoutheight=\dimen109
\Gm@layouthoffset=\dimen110
\Gm@layoutvoffset=\dimen111
\Gm@dimlist=\toks15

(D:\PortableTEX\texmfs\install\tex\latex\geometry\geometry.cfg))
(D:\PortableTEX\texmfs\install\tex\latex\setspace\setspace.sty
Package: setspace 2011/12/19 v6.7a set line spacing
)
(D:\PortableTEX\texmfs\install\tex\latex\tools\calc.sty
Package: calc 2014/10/28 v4.3 Infix arithmetic (KKT,FJ)
\calc@Acount=\count90
\calc@Bcount=\count91
\calc@Adimen=\dimen112
\calc@Bdimen=\dimen113
\calc@Askip=\skip43
\calc@Bskip=\skip44
LaTeX Info: Redefining \setlength on input line 80.
LaTeX Info: Redefining \addtolength on input line 81.
\calc@Ccount=\count92
\calc@Cskip=\skip45
)
(D:\PortableTEX\texmfs\install\tex\latex\titlesec\titlesec.sty
Package: titlesec 2016/03/21 v2.10.2 Sectioning titles
\ttl@box=\box26
\beforetitleunit=\skip46
\aftertitleunit=\skip47
\ttl@plus=\dimen114
\ttl@minus=\dimen115
\ttl@toksa=\toks16
\titlewidth=\dimen116
\titlewidthlast=\dimen117
\titlewidthfirst=\dimen118
)
(D:\PortableTEX\texmfs\install\tex\latex\titlesec\titletoc.sty
Package: titletoc 2011/12/15 v1.6 TOC entries
\ttl@leftsep=\dimen119
)
(D:\PortableTEX\texmfs\install\tex\latex\caption\caption.sty
Package: caption 2016/02/21 v3.3-144 Customizing captions (AR)

(D:\PortableTEX\texmfs\install\tex\latex\caption\caption3.sty
Package: caption3 2016/05/22 v1.7-166 caption3 kernel (AR)
Package caption3 Info: TeX engine: e-TeX on input line 67.
\captionmargin=\dimen120
\captionmargin@=\dimen121
\captionwidth=\dimen122
\caption@tempdima=\dimen123
\caption@indent=\dimen124
\caption@parindent=\dimen125
\caption@hangindent=\dimen126
)
\c@ContinuedFloat=\count93
)
(D:\PortableTEX\texmfs\install\tex\latex\graphics\graphicx.sty
Package: graphicx 2017/06/01 v1.1a Enhanced LaTeX Graphics (DPC,SPQR)

(D:\PortableTEX\texmfs\install\tex\latex\graphics\graphics.sty
Package: graphics 2017/06/25 v1.2c Standard LaTeX Graphics (DPC,SPQR)

(D:\PortableTEX\texmfs\install\tex\latex\graphics\trig.sty
Package: trig 2016/01/03 v1.10 sin cos tan (DPC)
)
(D:\PortableTEX\texmfs\install\tex\latex\graphics-cfg\graphics.cfg
File: graphics.cfg 2016/06/04 v1.11 sample graphics configuration
)
Package graphics Info: Driver file: pdftex.def on input line 99.

(D:\PortableTEX\texmfs\install\tex\latex\graphics-def\pdftex.def
File: pdftex.def 2018/01/08 v1.0l Graphics/color driver for pdftex
))
\Gin@req@height=\dimen127
\Gin@req@width=\dimen128
)
(D:\PortableTEX\texmfs\install\tex\latex\enumitem\enumitem.sty
Package: enumitem 2011/09/28 v3.5.2 Customized lists
\labelindent=\skip48
\enit@outerparindent=\dimen129
\enit@toks=\toks17
\enit@inbox=\box27
\enitdp@description=\count94
)
\tmp=\skip49

(D:\PortableTEX\texmfs\install\tex\latex\titlesec\block.tss
File: block.tss 2016/03/15
))
(D:\PortableTEX\texmfs\install\tex\latex\base\fontenc.sty
Package: fontenc 2017/04/05 v2.0i Standard LaTeX package

(D:\PortableTEX\texmfs\install\tex\latex\cyrillic\t2aenc.def
File: t2aenc.def 2005/09/27 v1.0i Cyrillic encoding definition file
)
LaTeX Font Info:    Try loading font information for T2A+cmr on input line 105.


(D:\PortableTEX\texmfs\install\tex\latex\cyrillic\t2acmr.fd
File: t2acmr.fd 2001/08/11 v1.0a Computer Modern Cyrillic font definitions
))
(D:\PortableTEX\texmfs\install\tex\latex\base\inputenc.sty
Package: inputenc 2015/03/17 v1.2c Input encoding file
\inpenc@prehook=\toks18
\inpenc@posthook=\toks19

(D:\PortableTEX\texmfs\install\tex\latex\cyrillic\cp1251.def
File: cp1251.def 2014/10/28 v1.0d Input encoding file
))
(D:\PortableTEX\texmfs\install\tex\latex\cite\cite.sty
LaTeX Info: Redefining \cite on input line 302.
LaTeX Info: Redefining \nocite on input line 332.
Package: cite 2015/02/27  v 5.5
)
(D:\PortableTEX\texmfs\install\tex\latex\amsmath\amsmath.sty
Package: amsmath 2017/09/02 v2.17a AMS math features
\@mathmargin=\skip50

For additional information on amsmath, use the `?' option.
(D:\PortableTEX\texmfs\install\tex\latex\amsmath\amstext.sty
Package: amstext 2000/06/29 v2.01 AMS text

(D:\PortableTEX\texmfs\install\tex\latex\amsmath\amsgen.sty
File: amsgen.sty 1999/11/30 v2.0 generic functions
\@emptytoks=\toks20
\ex@=\dimen130
))
(D:\PortableTEX\texmfs\install\tex\latex\amsmath\amsbsy.sty
Package: amsbsy 1999/11/29 v1.2d Bold Symbols
\pmbraise@=\dimen131
)
(D:\PortableTEX\texmfs\install\tex\latex\amsmath\amsopn.sty
Package: amsopn 2016/03/08 v2.02 operator names
)
\inf@bad=\count95
LaTeX Info: Redefining \frac on input line 213.
\uproot@=\count96
\leftroot@=\count97
LaTeX Info: Redefining \overline on input line 375.
\classnum@=\count98
\DOTSCASE@=\count99
LaTeX Info: Redefining \ldots on input line 472.
LaTeX Info: Redefining \dots on input line 475.
LaTeX Info: Redefining \cdots on input line 596.
\Mathstrutbox@=\box28
\strutbox@=\box29
\big@size=\dimen132
LaTeX Font Info:    Redeclaring font encoding OML on input line 712.
LaTeX Font Info:    Redeclaring font encoding OMS on input line 713.
\macc@depth=\count100
\c@MaxMatrixCols=\count101
\dotsspace@=\muskip10
\c@parentequation=\count102
\dspbrk@lvl=\count103
\tag@help=\toks21
\row@=\count104
\column@=\count105
\maxfields@=\count106
\andhelp@=\toks22
\eqnshift@=\dimen133
\alignsep@=\dimen134
\tagshift@=\dimen135
\tagwidth@=\dimen136
\totwidth@=\dimen137
\lineht@=\dimen138
\@envbody=\toks23
\multlinegap=\skip51
\multlinetaggap=\skip52
\mathdisplay@stack=\toks24
LaTeX Info: Redefining \[ on input line 2817.
LaTeX Info: Redefining \] on input line 2818.
)
(D:\PortableTEX\texmfs\install\tex\latex\amsfonts\amssymb.sty
Package: amssymb 2013/01/14 v3.01 AMS font symbols

(D:\PortableTEX\texmfs\install\tex\latex\amsfonts\amsfonts.sty
Package: amsfonts 2013/01/14 v3.01 Basic AMSFonts support
\symAMSa=\mathgroup4
\symAMSb=\mathgroup5
LaTeX Font Info:    Overwriting math alphabet `\mathfrak' in version `bold'
(Font)                  U/euf/m/n --> U/euf/b/n on input line 106.
))
(D:\PortableTEX\texmfs\install\tex\latex\amscls\amsthm.sty
Package: amsthm 2017/10/31 v2.20.4
\thm@style=\toks25
\thm@bodyfont=\toks26
\thm@headfont=\toks27
\thm@notefont=\toks28
\thm@headpunct=\toks29
\thm@preskip=\skip53
\thm@postskip=\skip54
\thm@headsep=\skip55
\dth@everypar=\toks30
)
(D:\PortableTEX\texmfs\install\tex\latex\fancyvrb\fancyvrb.sty
Package: fancyvrb 2008/02/07

Style option: `fancyvrb' v2.7a, with DG/SPQR fixes, and firstline=lastline fix 
<2008/02/07> (tvz)
\FV@CodeLineNo=\count107
\FV@InFile=\read1
\FV@TabBox=\box30
\c@FancyVerbLine=\count108
\FV@StepNumber=\count109
\FV@OutFile=\write3
)
(D:\PortableTEX\texmfs\install\tex\latex\tools\longtable.sty
Package: longtable 2014/10/28 v4.11 Multi-page Table package (DPC)
\LTleft=\skip56
\LTright=\skip57
\LTpre=\skip58
\LTpost=\skip59
\LTchunksize=\count110
\LTcapwidth=\dimen139
\LT@head=\box31
\LT@firsthead=\box32
\LT@foot=\box33
\LT@lastfoot=\box34
\LT@cols=\count111
\LT@rows=\count112
\c@LT@tables=\count113
\c@LT@chunks=\count114
\LT@p@ftn=\toks31
)
(D:\PortableTEX\texmfs\install\tex\latex\tools\array.sty
Package: array 2016/10/06 v2.4d Tabular extension package (FMi)
\col@sep=\dimen140
\extrarowheight=\dimen141
\NC@list=\toks32
\extratabsurround=\skip60
\backup@length=\skip61
)
(D:\PortableTEX\texmfs\install\tex\latex\minted\minted.sty
Package: minted 2017/07/19 v2.5 Yet another Pygments shim for LaTeX

(D:\PortableTEX\texmfs\install\tex\latex\oberdiek\kvoptions.sty
Package: kvoptions 2016/05/16 v3.12 Key value format for package options (HO)

(D:\PortableTEX\texmfs\install\tex\generic\oberdiek\ltxcmds.sty
Package: ltxcmds 2016/05/16 v1.23 LaTeX kernel commands for general use (HO)
)
(D:\PortableTEX\texmfs\install\tex\generic\oberdiek\kvsetkeys.sty
Package: kvsetkeys 2016/05/16 v1.17 Key value parser (HO)

(D:\PortableTEX\texmfs\install\tex\generic\oberdiek\infwarerr.sty
Package: infwarerr 2016/05/16 v1.4 Providing info/warning/error messages (HO)
)
(D:\PortableTEX\texmfs\install\tex\generic\oberdiek\etexcmds.sty
Package: etexcmds 2016/05/16 v1.6 Avoid name clashes with e-TeX commands (HO)

(D:\PortableTEX\texmfs\install\tex\generic\oberdiek\ifluatex.sty
Package: ifluatex 2016/05/16 v1.4 Provides the ifluatex switch (HO)
Package ifluatex Info: LuaTeX not detected.
)
Package etexcmds Info: Could not find \expanded.
(etexcmds)             That can mean that you are not using pdfTeX 1.50 or
(etexcmds)             that some package has redefined \expanded.
(etexcmds)             In the latter case, load this package earlier.
)))
(D:\PortableTEX\texmfs\install\tex\latex\fvextra\fvextra.sty
Package: fvextra 2017/07/08 v1.3.1 fvextra - extensions and patches for fancyvr
b

(D:\PortableTEX\texmfs\install\tex\latex\base\ifthen.sty
Package: ifthen 2014/09/29 v1.1c Standard LaTeX ifthen package (DPC)
)
(D:\PortableTEX\texmfs\install\tex\latex\etoolbox\etoolbox.sty
Package: etoolbox 2017/11/22 v2.5 e-TeX tools for LaTeX (JAW)
\etb@tempcnta=\count115
)
(D:\PortableTEX\texmfs\install\tex\latex\upquote\upquote.sty
Package: upquote 2012/04/19 v1.3 upright-quote and grave-accent glyphs in verba
tim

(D:\PortableTEX\texmfs\install\tex\latex\base\textcomp.sty
Package: textcomp 2017/04/05 v2.0i Standard LaTeX package
Package textcomp Info: Sub-encoding information:
(textcomp)               5 = only ISO-Adobe without \textcurrency
(textcomp)               4 = 5 + \texteuro
(textcomp)               3 = 4 + \textohm
(textcomp)               2 = 3 + \textestimated + \textcurrency
(textcomp)               1 = TS1 - \textcircled - \t
(textcomp)               0 = TS1 (full)
(textcomp)             Font families with sub-encoding setting implement
(textcomp)             only a restricted character set as indicated.
(textcomp)             Family '?' is the default used for unknown fonts.
(textcomp)             See the documentation for details.
Package textcomp Info: Setting ? sub-encoding to TS1/1 on input line 79.

(D:\PortableTEX\texmfs\install\tex\latex\base\ts1enc.def
File: ts1enc.def 2001/06/05 v3.0e (jk/car/fm) Standard LaTeX file
)
LaTeX Info: Redefining \oldstylenums on input line 334.
Package textcomp Info: Setting cmr sub-encoding to TS1/0 on input line 349.
Package textcomp Info: Setting cmss sub-encoding to TS1/0 on input line 350.
Package textcomp Info: Setting cmtt sub-encoding to TS1/0 on input line 351.
Package textcomp Info: Setting cmvtt sub-encoding to TS1/0 on input line 352.
Package textcomp Info: Setting cmbr sub-encoding to TS1/0 on input line 353.
Package textcomp Info: Setting cmtl sub-encoding to TS1/0 on input line 354.
Package textcomp Info: Setting ccr sub-encoding to TS1/0 on input line 355.
Package textcomp Info: Setting ptm sub-encoding to TS1/4 on input line 356.
Package textcomp Info: Setting pcr sub-encoding to TS1/4 on input line 357.
Package textcomp Info: Setting phv sub-encoding to TS1/4 on input line 358.
Package textcomp Info: Setting ppl sub-encoding to TS1/3 on input line 359.
Package textcomp Info: Setting pag sub-encoding to TS1/4 on input line 360.
Package textcomp Info: Setting pbk sub-encoding to TS1/4 on input line 361.
Package textcomp Info: Setting pnc sub-encoding to TS1/4 on input line 362.
Package textcomp Info: Setting pzc sub-encoding to TS1/4 on input line 363.
Package textcomp Info: Setting bch sub-encoding to TS1/4 on input line 364.
Package textcomp Info: Setting put sub-encoding to TS1/5 on input line 365.
Package textcomp Info: Setting uag sub-encoding to TS1/5 on input line 366.
Package textcomp Info: Setting ugq sub-encoding to TS1/5 on input line 367.
Package textcomp Info: Setting ul8 sub-encoding to TS1/4 on input line 368.
Package textcomp Info: Setting ul9 sub-encoding to TS1/4 on input line 369.
Package textcomp Info: Setting augie sub-encoding to TS1/5 on input line 370.
Package textcomp Info: Setting dayrom sub-encoding to TS1/3 on input line 371.
Package textcomp Info: Setting dayroms sub-encoding to TS1/3 on input line 372.

Package textcomp Info: Setting pxr sub-encoding to TS1/0 on input line 373.
Package textcomp Info: Setting pxss sub-encoding to TS1/0 on input line 374.
Package textcomp Info: Setting pxtt sub-encoding to TS1/0 on input line 375.
Package textcomp Info: Setting txr sub-encoding to TS1/0 on input line 376.
Package textcomp Info: Setting txss sub-encoding to TS1/0 on input line 377.
Package textcomp Info: Setting txtt sub-encoding to TS1/0 on input line 378.
Package textcomp Info: Setting lmr sub-encoding to TS1/0 on input line 379.
Package textcomp Info: Setting lmdh sub-encoding to TS1/0 on input line 380.
Package textcomp Info: Setting lmss sub-encoding to TS1/0 on input line 381.
Package textcomp Info: Setting lmssq sub-encoding to TS1/0 on input line 382.
Package textcomp Info: Setting lmvtt sub-encoding to TS1/0 on input line 383.
Package textcomp Info: Setting lmtt sub-encoding to TS1/0 on input line 384.
Package textcomp Info: Setting qhv sub-encoding to TS1/0 on input line 385.
Package textcomp Info: Setting qag sub-encoding to TS1/0 on input line 386.
Package textcomp Info: Setting qbk sub-encoding to TS1/0 on input line 387.
Package textcomp Info: Setting qcr sub-encoding to TS1/0 on input line 388.
Package textcomp Info: Setting qcs sub-encoding to TS1/0 on input line 389.
Package textcomp Info: Setting qpl sub-encoding to TS1/0 on input line 390.
Package textcomp Info: Setting qtm sub-encoding to TS1/0 on input line 391.
Package textcomp Info: Setting qzc sub-encoding to TS1/0 on input line 392.
Package textcomp Info: Setting qhvc sub-encoding to TS1/0 on input line 393.
Package textcomp Info: Setting futs sub-encoding to TS1/4 on input line 394.
Package textcomp Info: Setting futx sub-encoding to TS1/4 on input line 395.
Package textcomp Info: Setting futj sub-encoding to TS1/4 on input line 396.
Package textcomp Info: Setting hlh sub-encoding to TS1/3 on input line 397.
Package textcomp Info: Setting hls sub-encoding to TS1/3 on input line 398.
Package textcomp Info: Setting hlst sub-encoding to TS1/3 on input line 399.
Package textcomp Info: Setting hlct sub-encoding to TS1/5 on input line 400.
Package textcomp Info: Setting hlx sub-encoding to TS1/5 on input line 401.
Package textcomp Info: Setting hlce sub-encoding to TS1/5 on input line 402.
Package textcomp Info: Setting hlcn sub-encoding to TS1/5 on input line 403.
Package textcomp Info: Setting hlcw sub-encoding to TS1/5 on input line 404.
Package textcomp Info: Setting hlcf sub-encoding to TS1/5 on input line 405.
Package textcomp Info: Setting pplx sub-encoding to TS1/3 on input line 406.
Package textcomp Info: Setting pplj sub-encoding to TS1/3 on input line 407.
Package textcomp Info: Setting ptmx sub-encoding to TS1/4 on input line 408.
Package textcomp Info: Setting ptmj sub-encoding to TS1/4 on input line 409.
))
(D:\PortableTEX\texmfs\install\tex\latex\lineno\lineno.sty
Package: lineno 2005/11/02 line numbers on paragraphs v4.41
\linenopenalty=\count116
\output=\toks33
\linenoprevgraf=\count117
\linenumbersep=\dimen142
\linenumberwidth=\dimen143
\c@linenumber=\count118
\c@pagewiselinenumber=\count119
\c@LN@truepage=\count120
\c@internallinenumber=\count121
\c@internallinenumbers=\count122
\quotelinenumbersep=\dimen144
\bframerule=\dimen145
\bframesep=\dimen146
\bframebox=\box35
LaTeX Info: Redefining \\ on input line 3056.
)
\c@FV@TrueTabGroupLevel=\count123
\c@FV@TrueTabCounter=\count124
\FV@TabBox@Group=\box36
\FV@TmpLength=\skip62
\c@FV@HighlightLinesStart=\count125
\c@FV@HighlightLinesStop=\count126
\FV@LoopCount=\count127
\FV@NCharsBox=\box37
\FV@BreakIndent=\dimen147
\FV@BreakIndentNChars=\count128
\FV@BreakSymbolSepLeft=\dimen148
\FV@BreakSymbolSepLeftNChars=\count129
\FV@BreakSymbolSepRight=\dimen149
\FV@BreakSymbolSepRightNChars=\count130
\FV@BreakSymbolIndentLeft=\dimen150
\FV@BreakSymbolIndentLeftNChars=\count131
\FV@BreakSymbolIndentRight=\dimen151
\FV@BreakSymbolIndentRightNChars=\count132
\c@FancyVerbLineBreakLast=\count133
\FV@LineBox=\box38
\FV@LineIndentBox=\box39
)
(D:\PortableTEX\texmfs\install\tex\latex\tools\shellesc.sty
Package: shellesc 2016/06/07 v0.02a unified shell escape interface for LaTeX
Package shellesc Info: Unrestricted shell escape enabled on input line 67.
)
(D:\PortableTEX\texmfs\install\tex\latex\ifplatform\ifplatform.sty
Package: ifplatform 2017/10/13 v0.4a Testing for the operating system

(D:\PortableTEX\texmfs\install\tex\generic\oberdiek\pdftexcmds.sty
Package: pdftexcmds 2017/03/19 v0.25 Utility functions of pdfTeX for LuaTeX (HO
)
Package pdftexcmds Info: LuaTeX not detected.
Package pdftexcmds Info: \pdf@primitive is available.
Package pdftexcmds Info: \pdf@ifprimitive is available.
Package pdftexcmds Info: \pdfdraftmode found.
)
(D:\PortableTEX\texmfs\install\tex\generic\oberdiek\catchfile.sty
Package: catchfile 2016/05/16 v1.7 Catch the contents of a file (HO)
))
(D:\PortableTEX\texmfs\install\tex\latex\xstring\xstring.sty
(D:\PortableTEX\texmfs\install\tex\generic\xstring\xstring.tex
\@xs@message=\write4
\integerpart=\count134
\decimalpart=\count135
)
Package: xstring 2013/10/13  v1.7c  String manipulations (C Tellechea)
)
(D:\PortableTEX\texmfs\install\tex\latex\framed\framed.sty
Package: framed 2011/10/22 v 0.96: framed or shaded text with page breaks
\OuterFrameSep=\skip63
\fb@frw=\dimen152
\fb@frh=\dimen153
\FrameRule=\dimen154
\FrameSep=\dimen155
)
(D:\PortableTEX\texmfs\install\tex\latex\float\float.sty
Package: float 2001/11/08 v1.3d Float enhancements (AL)
\c@float@type=\count136
\float@exts=\toks34
\float@box=\box40
\@float@everytoks=\toks35
\@floatcapt=\box41
)
\minted@appexistsfile=\read2
\minted@bgbox=\box42
\minted@code=\write5
\c@minted@FancyVerbLineTemp=\count137
\c@minted@pygmentizecounter=\count138
\@float@every@listing=\toks36
\c@listing=\count139
)
runsystem(if not exist _minted-coursework mkdir _minted-coursework)...executed.


(D:\PortableTEX\texmfs\install\tex\generic\babel\babel.sty
Package: babel 2018/01/04 3.16 The Babel package

(D:\PortableTEX\texmfs\install\tex\generic\babel\switch.def
File: switch.def 2018/01/04 3.16 Babel switching mechanism
)
*************************************
* Local config file bblopts.cfg used
*
(D:\PortableTEX\texmfs\install\tex\latex\arabi\bblopts.cfg
File: bblopts.cfg 2005/09/08 v0.1 add Arabic and Farsi to "declared" options of
 babel
)
(D:\PortableTEX\texmfs\install\tex\latex\babel-english\english.ldf
Language: english 2017/06/06 v3.3r English support from the babel system

(D:\PortableTEX\texmfs\install\tex\generic\babel\babel.def
File: babel.def 2018/01/04 3.16 Babel common definitions

(D:\PortableTEX\texmfs\install\tex\generic\babel\switch.def
File: switch.def 2018/01/04 3.16 Babel switching mechanism
)
\babel@savecnt=\count140
\U@D=\dimen156

(D:\PortableTEX\texmfs\install\tex\generic\babel\txtbabel.def)
\bbl@dirlevel=\count141
)
\l@canadian = a dialect from \language\l@american 
\l@australian = a dialect from \language\l@british 
\l@newzealand = a dialect from \language\l@british 
)
(D:\PortableTEX\texmfs\install\tex\latex\babel-russian\russianb.ldf
Language: russian 2017/08/12 1.3j Russian support for the Babel system
Package babel Info: Making " an active character on input line 120.
Package babel Info: Default for \cyrdash is provided on input line 157.
))
(D:\PortableTEX\texmfs\install\tex\latex\hyperref\hyperref.sty
Package: hyperref 2017/03/14 v6.85a Hypertext links for LaTeX

(D:\PortableTEX\texmfs\install\tex\generic\oberdiek\hobsub-hyperref.sty
Package: hobsub-hyperref 2016/05/16 v1.14 Bundle oberdiek, subset hyperref (HO)


(D:\PortableTEX\texmfs\install\tex\generic\oberdiek\hobsub-generic.sty
Package: hobsub-generic 2016/05/16 v1.14 Bundle oberdiek, subset generic (HO)
Package: hobsub 2016/05/16 v1.14 Construct package bundles (HO)
Package hobsub Info: Skipping package `infwarerr' (already loaded).
Package hobsub Info: Skipping package `ltxcmds' (already loaded).
Package hobsub Info: Skipping package `ifluatex' (already loaded).
Package hobsub Info: Skipping package `ifvtex' (already loaded).
Package: intcalc 2016/05/16 v1.2 Expandable calculations with integers (HO)
Package hobsub Info: Skipping package `ifpdf' (already loaded).
Package hobsub Info: Skipping package `etexcmds' (already loaded).
Package hobsub Info: Skipping package `kvsetkeys' (already loaded).
Package: kvdefinekeys 2016/05/16 v1.4 Define keys (HO)
Package hobsub Info: Skipping package `pdftexcmds' (already loaded).
Package: pdfescape 2016/05/16 v1.14 Implements pdfTeX's escape features (HO)
Package: bigintcalc 2016/05/16 v1.4 Expandable calculations on big integers (HO
)
Package: bitset 2016/05/16 v1.2 Handle bit-vector datatype (HO)
Package: uniquecounter 2016/05/16 v1.3 Provide unlimited unique counter (HO)
)
Package hobsub Info: Skipping package `hobsub' (already loaded).
Package: letltxmacro 2016/05/16 v1.5 Let assignment for LaTeX macros (HO)
Package: hopatch 2016/05/16 v1.3 Wrapper for package hooks (HO)
Package: xcolor-patch 2016/05/16 xcolor patch
Package: atveryend 2016/05/16 v1.9 Hooks at the very end of document (HO)
Package: atbegshi 2016/06/09 v1.18 At begin shipout hook (HO)
Package: refcount 2016/05/16 v3.5 Data extraction from label references (HO)
Package: hycolor 2016/05/16 v1.8 Color options for hyperref/bookmark (HO)
)
(D:\PortableTEX\texmfs\install\tex\latex\oberdiek\auxhook.sty
Package: auxhook 2016/05/16 v1.4 Hooks for auxiliary files (HO)
)
\@linkdim=\dimen157
\Hy@linkcounter=\count142
\Hy@pagecounter=\count143

(D:\PortableTEX\texmfs\install\tex\latex\hyperref\pd1enc.def
File: pd1enc.def 2017/03/14 v6.85a Hyperref: PDFDocEncoding definition (HO)
)
\Hy@SavedSpaceFactor=\count144
Package hyperref Info: Option `unicode' set `true' on input line 3453.

(D:\PortableTEX\texmfs\install\tex\latex\hyperref\puenc.def
File: puenc.def 2017/03/14 v6.85a Hyperref: PDF Unicode definition (HO)
)
(D:\PortableTEX\texmfs\install\tex\latex\00miktex\hyperref.cfg
File: hyperref.cfg 2002/06/06 v1.2 hyperref configuration of TeXLive
)
Package hyperref Info: Option `colorlinks' set `true' on input line 4374.
Package hyperref Info: Hyper figures OFF on input line 4498.
Package hyperref Info: Link nesting OFF on input line 4503.
Package hyperref Info: Hyper index ON on input line 4506.
Package hyperref Info: Plain pages OFF on input line 4513.
Package hyperref Info: Backreferencing OFF on input line 4518.
Package hyperref Info: Implicit mode ON; LaTeX internals redefined.
Package hyperref Info: Bookmarks ON on input line 4751.
\c@Hy@tempcnt=\count145

(D:\PortableTEX\texmfs\install\tex\latex\url\url.sty
\Urlmuskip=\muskip11
Package: url 2013/09/16  ver 3.4  Verb mode for urls, etc.
)
LaTeX Info: Redefining \url on input line 5104.
\XeTeXLinkMargin=\dimen158
\Fld@menulength=\count146
\Field@Width=\dimen159
\Fld@charsize=\dimen160
Package hyperref Info: Hyper figures OFF on input line 6358.
Package hyperref Info: Link nesting OFF on input line 6363.
Package hyperref Info: Hyper index ON on input line 6366.
Package hyperref Info: backreferencing OFF on input line 6373.
Package hyperref Info: Link coloring ON on input line 6376.
Package hyperref Info: Link coloring with OCG OFF on input line 6383.
Package hyperref Info: PDF/A mode OFF on input line 6388.
LaTeX Info: Redefining \ref on input line 6428.
LaTeX Info: Redefining \pageref on input line 6432.
\Hy@abspage=\count147
\c@Item=\count148
\c@Hfootnote=\count149
)

Package hyperref Message: Driver (autodetected): hpdftex.

(D:\PortableTEX\texmfs\install\tex\latex\hyperref\hpdftex.def
File: hpdftex.def 2017/03/14 v6.85a Hyperref driver for pdfTeX
\Fld@listcount=\count150
\c@bookmark@seq@number=\count151

(D:\PortableTEX\texmfs\install\tex\latex\oberdiek\rerunfilecheck.sty
Package: rerunfilecheck 2016/05/16 v1.8 Rerun checks for auxiliary files (HO)
Package uniquecounter Info: New unique counter `rerunfilecheck' on input line 2
82.
)
\Hy@SectionHShift=\skip64
)
\c@lem=\count152

(D:\PortableTEX\texmfs\install\tex\latex\xcolor\xcolor.sty
Package: xcolor 2016/05/11 v2.12 LaTeX color extensions (UK)

(D:\PortableTEX\texmfs\install\tex\latex\graphics-cfg\color.cfg
File: color.cfg 2016/01/02 v1.6 sample color configuration
)
Package xcolor Info: Driver file: pdftex.def on input line 225.
Package xcolor Info: Model `cmy' substituted by `cmy0' on input line 1348.
Package xcolor Info: Model `hsb' substituted by `rgb' on input line 1352.
Package xcolor Info: Model `RGB' extended on input line 1364.
Package xcolor Info: Model `HTML' substituted by `rgb' on input line 1366.
Package xcolor Info: Model `Hsb' substituted by `hsb' on input line 1367.
Package xcolor Info: Model `tHsb' substituted by `hsb' on input line 1368.
Package xcolor Info: Model `HSB' substituted by `hsb' on input line 1369.
Package xcolor Info: Model `Gray' substituted by `gray' on input line 1370.
Package xcolor Info: Model `wave' substituted by `hsb' on input line 1371.
)
runsystem(for ^%i in (pygmentize.exe pygmentize.bat pygmentize.cmd) do set > co
ursework.aex <nul: /p x=^%~$PATH:i>> coursework.aex)...executed.

runsystem(del coursework.aex)...executed.


(coursework.aux)
\openout1 = `coursework.aux'.

LaTeX Font Info:    Checking defaults for OML/cmm/m/it on input line 49.
LaTeX Font Info:    ... okay on input line 49.
LaTeX Font Info:    Checking defaults for T1/cmr/m/n on input line 49.
LaTeX Font Info:    ... okay on input line 49.
LaTeX Font Info:    Checking defaults for OT1/cmr/m/n on input line 49.
LaTeX Font Info:    ... okay on input line 49.
LaTeX Font Info:    Checking defaults for OMS/cmsy/m/n on input line 49.
LaTeX Font Info:    ... okay on input line 49.
LaTeX Font Info:    Checking defaults for OMX/cmex/m/n on input line 49.
LaTeX Font Info:    ... okay on input line 49.
LaTeX Font Info:    Checking defaults for U/cmr/m/n on input line 49.
LaTeX Font Info:    ... okay on input line 49.
LaTeX Font Info:    Checking defaults for T2A/cmr/m/n on input line 49.
LaTeX Font Info:    ... okay on input line 49.
LaTeX Font Info:    Checking defaults for TS1/cmr/m/n on input line 49.
LaTeX Font Info:    Try loading font information for TS1+cmr on input line 49.
 (D:\PortableTEX\texmfs\install\tex\latex\base\ts1cmr.fd
File: ts1cmr.fd 2014/09/29 v2.5h Standard LaTeX font definitions
)
LaTeX Font Info:    ... okay on input line 49.
LaTeX Font Info:    Checking defaults for PD1/pdf/m/n on input line 49.
LaTeX Font Info:    ... okay on input line 49.
LaTeX Font Info:    Checking defaults for PU/pdf/m/n on input line 49.
LaTeX Font Info:    ... okay on input line 49.
LaTeX Font Info:    Try loading font information for T2A+ftm on input line 49.

(D:\PortableTEX\texmfs\localtexmf\tex\latex\pscyr\t2aftm.fd
File: t2aftm.fd 2001/03/03 v0.4c PS font definitions for T2A/TimesNewRomanPSMT/
PSCyr
)
*geometry* driver: auto-detecting
*geometry* detected driver: pdftex
*geometry* verbose mode - [ preamble ] result:
* driver: pdftex
* paper: a4paper
* layout: <same size as paper>
* layoutoffset:(h,v)=(0.0pt,0.0pt)
* modes: 
* h-part:(L,W,R)=(71.13188pt, 483.69687pt, 42.67912pt)
* v-part:(T,H,B)=(56.9055pt, 731.23584pt, 56.9055pt)
* \paperwidth=597.50787pt
* \paperheight=845.04684pt
* \textwidth=483.69687pt
* \textheight=731.23584pt
* \oddsidemargin=-1.1381pt
* \evensidemargin=-1.1381pt
* \topmargin=-15.36449pt
* \headheight=0.0pt
* \headsep=0.0pt
* \topskip=14.0pt
* \footskip=28.45274pt
* \marginparwidth=24.0pt
* \marginparsep=10.0pt
* \columnsep=10.0pt
* \skip\footins=12.0pt plus 4.0pt minus 2.0pt
* \hoffset=0.0pt
* \voffset=0.0pt
* \mag=1000
* \@twocolumnfalse
* \@twosidefalse
* \@mparswitchfalse
* \@reversemarginfalse
* (1in=72.27pt=25.4mm, 1cm=28.453pt)

Package caption Info: Begin \AtBeginDocument code.
Package caption Info: float package is loaded.
Package caption Info: hyperref package is loaded.
Package caption Info: longtable package is loaded.
(D:\PortableTEX\texmfs\install\tex\latex\caption\ltcaption.sty
Package: ltcaption 2013/06/09 v1.4-94 longtable captions (AR)
)
Package caption Info: End \AtBeginDocument code.
Package caption Info: We need package `ragged2e' on input line 49.

(D:\PortableTEX\texmfs\install\tex\latex\ms\ragged2e.sty
Package: ragged2e 2009/05/21 v2.1 ragged2e Package (MS)

(D:\PortableTEX\texmfs\install\tex\latex\ms\everysel.sty
Package: everysel 2011/10/28 v1.2 EverySelectfont Package (MS)

ABD: EverySelectfont initializing macros
LaTeX Info: Redefining \selectfont on input line 126.
)
\CenteringLeftskip=\skip65
\RaggedLeftLeftskip=\skip66
\RaggedRightLeftskip=\skip67
\CenteringRightskip=\skip68
\RaggedLeftRightskip=\skip69
\RaggedRightRightskip=\skip70
\CenteringParfillskip=\skip71
\RaggedLeftParfillskip=\skip72
\RaggedRightParfillskip=\skip73
\JustifyingParfillskip=\skip74
\CenteringParindent=\skip75
\RaggedLeftParindent=\skip76
\RaggedRightParindent=\skip77
\JustifyingParindent=\skip78
)
(D:\PortableTEX\texmfs\install\tex\context\base\supp-pdf.mkii
[Loading MPS to PDF converter (version 2006.09.02).]
\scratchcounter=\count153
\scratchdimen=\dimen161
\scratchbox=\box43
\nofMPsegments=\count154
\nofMParguments=\count155
\everyMPshowfont=\toks37
\MPscratchCnt=\count156
\MPscratchDim=\dimen162
\MPnumerator=\count157
\makeMPintoPDFobject=\count158
\everyMPtoPDFconversion=\toks38
) (D:\PortableTEX\texmfs\install\tex\latex\oberdiek\epstopdf-base.sty
Package: epstopdf-base 2016/05/15 v2.6 Base part for package epstopdf

(D:\PortableTEX\texmfs\install\tex\latex\oberdiek\grfext.sty
Package: grfext 2016/05/16 v1.2 Manage graphics extensions (HO)
)
Package epstopdf-base Info: Redefining graphics rule for `.eps' on input line 4
38.
Package grfext Info: Graphics extension search list:
(grfext)             [.pdf,.png,.jpg,.mps,.jpeg,.jbig2,.jb2,.PDF,.PNG,.JPG,.JPE
G,.JBIG2,.JB2,.eps]
(grfext)             \AppendGraphicsExtensions on input line 456.
)
\AtBeginShipoutBox=\box44
Package hyperref Info: Link coloring ON on input line 49.

(D:\PortableTEX\texmfs\install\tex\latex\hyperref\nameref.sty
Package: nameref 2016/05/21 v2.44 Cross-referencing by name of section

(D:\PortableTEX\texmfs\install\tex\generic\oberdiek\gettitlestring.sty
Package: gettitlestring 2016/05/16 v1.5 Cleanup title references (HO)
)
\c@section@level=\count159
)
LaTeX Info: Redefining \ref on input line 49.
LaTeX Info: Redefining \pageref on input line 49.
LaTeX Info: Redefining \nameref on input line 49.

(coursework.out) (coursework.out)
\@outlinefile=\write6
\openout6 = `coursework.out'.

Package babel Info: Redefining russian shorthand "|
(babel)             in language  on input line 113.
Package babel Info: Redefining russian shorthand "~
(babel)             in language  on input line 113.
Package babel Info: Redefining russian shorthand "|
(babel)             in language  on input line 113.
Package babel Info: Redefining russian shorthand "~
(babel)             in language  on input line 113.
 [1

{D:/PortableTEX/texmfs/data/pdftex/config/pdftex.map}] (coursework.toc
LaTeX Font Info:    Try loading font information for OT1+ftm on input line 1.

(D:\PortableTEX\texmfs\localtexmf\tex\latex\pscyr\ot1ftm.fd
File: ot1ftm.fd 2001/03/03 Fontinst v1.801 font definitions for OT1/ftm.
)
LaTeX Font Info:    Try loading font information for U+msa on input line 2.

(D:\PortableTEX\texmfs\install\tex\latex\amsfonts\umsa.fd
File: umsa.fd 2013/01/14 v3.01 AMS symbols A
)
LaTeX Font Info:    Try loading font information for U+msb on input line 2.

(D:\PortableTEX\texmfs\install\tex\latex\amsfonts\umsb.fd
File: umsb.fd 2013/01/14 v3.01 AMS symbols B
))
\tf@toc=\write7
\openout7 = `coursework.toc'.

Package babel Info: Redefining russian shorthand "|
(babel)             in language  on input line 134.
Package babel Info: Redefining russian shorthand "~
(babel)             in language  on input line 134.
Package babel Info: Redefining russian shorthand "|
(babel)             in language  on input line 134.
Package babel Info: Redefining russian shorthand "~
(babel)             in language  on input line 134.
 [2

]
Package babel Info: Redefining russian shorthand "|
(babel)             in language  on input line 134.
Package babel Info: Redefining russian shorthand "~
(babel)             in language  on input line 134.
Package babel Info: Redefining russian shorthand "|
(babel)             in language  on input line 137.
Package babel Info: Redefining russian shorthand "~
(babel)             in language  on input line 137.
Package babel Info: Redefining russian shorthand "|
(babel)             in language  on input line 137.
Package babel Info: Redefining russian shorthand "~
(babel)             in language  on input line 137.
 [3

]
Package babel Info: Redefining russian shorthand "|
(babel)             in language  on input line 137.
Package babel Info: Redefining russian shorthand "~
(babel)             in language  on input line 137.
Package babel Info: Redefining russian shorthand "|
(babel)             in language  on input line 138.
Package babel Info: Redefining russian shorthand "~
(babel)             in language  on input line 138.
\openout5 = `coursework.pyg'.


(_minted-coursework/default-pyg-prefix.pygstyle)
(_minted-coursework/default.pygstyle)
(_minted-coursework/77859AE1E72B246B1902038234D392BD2E116336407F50C43785BB482CF
BE446.pygtex
LaTeX Font Info:    Try loading font information for T2A+cmtt on input line 1.
 (D:\PortableTEX\texmfs\install\tex\latex\cyrillic\t2acmtt.fd
File: t2acmtt.fd 2001/08/11 v1.0a Computer Modern Cyrillic font definitions
))
\openout5 = `coursework.pyg'.


(_minted-coursework/0C3B083136B1980A0BFC12C2D70098352E116336407F50C43785BB482CF
BE446.pygtex)
\openout5 = `coursework.pyg'.


(_minted-coursework/77859AE1E72B246B1902038234D392BD2E116336407F50C43785BB482CF
BE446.pygtex)
\openout5 = `coursework.pyg'.


(_minted-coursework/77859AE1E72B246B1902038234D392BD2E116336407F50C43785BB482CF
BE446.pygtex)
<Construct_workplace.png, id=102, 1263.97218pt x 768.62157pt>
File: Construct_workplace.png Graphic file (type png)
<use Construct_workplace.png>
Package pdftex.def Info: Construct_workplace.png  used on input line 145.
(pdftex.def)             Requested size: 492.94717pt x 299.7612pt.

Overfull \hbox (9.2503pt too wide) in paragraph at lines 145--146
 [][] 
 []

<Construct_objects.png, id=106, 613.54219pt x 585.68813pt>
File: Construct_objects.png Graphic file (type png)
<use Construct_objects.png>
Package pdftex.def Info: Construct_objects.png  used on input line 153.
(pdftex.def)             Requested size: 429.47661pt x 409.97888pt.
\openout5 = `coursework.pyg'.


(_minted-coursework/77859AE1E72B246B1902038234D392BD2E116336407F50C43785BB482CF
BE446.pygtex)
Package babel Info: Redefining russian shorthand "|
(babel)             in language  on input line 158.
Package babel Info: Redefining russian shorthand "~
(babel)             in language  on input line 158.
Package babel Info: Redefining russian shorthand "|
(babel)             in language  on input line 158.
Package babel Info: Redefining russian shorthand "~
(babel)             in language  on input line 158.
 [4

 <./Construct_workplace.png>]
Package babel Info: Redefining russian shorthand "|
(babel)             in language  on input line 159.
Package babel Info: Redefining russian shorthand "~
(babel)             in language  on input line 159.
Package babel Info: Redefining russian shorthand "|
(babel)             in language  on input line 159.
Package babel Info: Redefining russian shorthand "~
(babel)             in language  on input line 159.
 [5 <./Construct_objects.png>]
<Construct_behaviors.png, id=125, 569.87906pt x 218.31563pt>
File: Construct_behaviors.png Graphic file (type png)
<use Construct_behaviors.png>
Package pdftex.def Info: Construct_behaviors.png  used on input line 163.
(pdftex.def)             Requested size: 455.90385pt x 174.65273pt.
\openout5 = `coursework.pyg'.


(_minted-coursework/77859AE1E72B246B1902038234D392BD2E116336407F50C43785BB482CF
BE446.pygtex)
<Construct_paint.png, id=127, 623.32875pt x 413.29407pt>
File: Construct_paint.png Graphic file (type png)
<use Construct_paint.png>
Package pdftex.def Info: Construct_paint.png  used on input line 170.
(pdftex.def)             Requested size: 498.66368pt x 330.6357pt.

Overfull \hbox (14.96681pt too wide) in paragraph at lines 170--171
 [][] 
 []

Package babel Info: Redefining russian shorthand "|
(babel)             in language  on input line 174.
Package babel Info: Redefining russian shorthand "~
(babel)             in language  on input line 174.
Package babel Info: Redefining russian shorthand "|
(babel)             in language  on input line 174.
Package babel Info: Redefining russian shorthand "~
(babel)             in language  on input line 174.
[6 <./Construct_behaviors.png>]
\openout5 = `coursework.pyg'.


(_minted-coursework/A5C8CE6978E46813E453D0277E47EA532E116336407F50C43785BB482CF
BE446.pygtex)
\openout5 = `coursework.pyg'.


(_minted-coursework/A5C8CE6978E46813E453D0277E47EA532E116336407F50C43785BB482CF
BE446.pygtex)
<Construct_eventsheet.png, id=136, 1050.92625pt x 660.96938pt>
File: Construct_eventsheet.png Graphic file (type png)
<use Construct_eventsheet.png>
Package pdftex.def Info: Construct_eventsheet.png  used on input line 180.
(pdftex.def)             Requested size: 420.36307pt x 264.38306pt.
<Construct_eventexample.png, id=137, 464.4853pt x 21.07875pt>
File: Construct_eventexample.png Graphic file (type png)
<use Construct_eventexample.png>
Package pdftex.def Info: Construct_eventexample.png  used on input line 186.
(pdftex.def)             Requested size: 464.48418pt x 21.07867pt.
Package babel Info: Redefining russian shorthand "|
(babel)             in language  on input line 190.
Package babel Info: Redefining russian shorthand "~
(babel)             in language  on input line 190.
Package babel Info: Redefining russian shorthand "|
(babel)             in language  on input line 190.
Package babel Info: Redefining russian shorthand "~
(babel)             in language  on input line 190.
 [7 <./Construct_paint.png>]
\openout5 = `coursework.pyg'.


(_minted-coursework/77859AE1E72B246B1902038234D392BD2E116336407F50C43785BB482CF
BE446.pygtex)
\openout5 = `coursework.pyg'.


(_minted-coursework/77859AE1E72B246B1902038234D392BD2E116336407F50C43785BB482CF
BE446.pygtex)
\openout5 = `coursework.pyg'.


(_minted-coursework/37EA81706922E1CA7DD1F1E7C41E08B62E116336407F50C43785BB482CF
BE446.pygtex)
\openout5 = `coursework.pyg'.


(_minted-coursework/1A59DA988F442D4489837C20D09BADC22E116336407F50C43785BB482CF
BE446.pygtex)
\openout5 = `coursework.pyg'.


(_minted-coursework/E733547923D1E06E586C33B358F30A382E116336407F50C43785BB482CF
BE446.pygtex)
\openout5 = `coursework.pyg'.


(_minted-coursework/F55AAB987D5A58C1428C000536DA74CC2E116336407F50C43785BB482CF
BE446.pygtex)
\openout5 = `coursework.pyg'.


(_minted-coursework/17824833FC7A548B9433EE1DCBF6EF4E2E116336407F50C43785BB482CF
BE446.pygtex)
\openout5 = `coursework.pyg'.


(_minted-coursework/7BE89DC79E166C632F8247D9D66687272E116336407F50C43785BB482CF
BE446.pygtex)
\openout5 = `coursework.pyg'.


(_minted-coursework/BF875BF901A692D30F785DC92BBF78A92E116336407F50C43785BB482CF
BE446.pygtex)
Package babel Info: Redefining russian shorthand "|
(babel)             in language  on input line 223.
Package babel Info: Redefining russian shorthand "~
(babel)             in language  on input line 223.
Package babel Info: Redefining russian shorthand "|
(babel)             in language  on input line 223.
Package babel Info: Redefining russian shorthand "~
(babel)             in language  on input line 223.
 [8 <./Construct_eventsheet.png> <./Construct_eventexample.png>]
Package babel Info: Redefining russian shorthand "|
(babel)             in language  on input line 225.
Package babel Info: Redefining russian shorthand "~
(babel)             in language  on input line 225.
\openout5 = `coursework.pyg'.


(_minted-coursework/E28CF7DFC87D08CDAD4C5DAF5DB4814C2E116336407F50C43785BB482CF
BE446.pygtex)
\openout5 = `coursework.pyg'.


(_minted-coursework/E28CF7DFC87D08CDAD4C5DAF5DB4814C2E116336407F50C43785BB482CF
BE446.pygtex)
\openout5 = `coursework.pyg'.


(_minted-coursework/E28CF7DFC87D08CDAD4C5DAF5DB4814C2E116336407F50C43785BB482CF
BE446.pygtex)
\openout5 = `coursework.pyg'.


(_minted-coursework/E28CF7DFC87D08CDAD4C5DAF5DB4814C2E116336407F50C43785BB482CF
BE446.pygtex)
\openout5 = `coursework.pyg'.


(_minted-coursework/E28CF7DFC87D08CDAD4C5DAF5DB4814C2E116336407F50C43785BB482CF
BE446.pygtex)
<Unity_zlayers.png, id=159, 472.01344pt x 482.55281pt>
File: Unity_zlayers.png Graphic file (type png)
<use Unity_zlayers.png>
Package pdftex.def Info: Unity_zlayers.png  used on input line 232.
(pdftex.def)             Requested size: 330.40715pt x 337.78465pt.
\openout5 = `coursework.pyg'.


(_minted-coursework/E9931375C467066A70AE70F1B87FA3B22E116336407F50C43785BB482CF
BE446.pygtex)
\openout5 = `coursework.pyg'.


(_minted-coursework/74F88D6F01A0D38C031E4C8A60746E682E116336407F50C43785BB482CF
BE446.pygtex)
\openout5 = `coursework.pyg'.


(_minted-coursework/321F475AC91C89E7D75229D4CB892A542E116336407F50C43785BB482CF
BE446.pygtex)
\openout5 = `coursework.pyg'.


(_minted-coursework/FB777EB53346FFB067D8BF7D4192D79D2E116336407F50C43785BB482CF
BE446.pygtex)
\openout5 = `coursework.pyg'.


(_minted-coursework/CFF2D71D396876E8FF44BA18853747E42E116336407F50C43785BB482CF
BE446.pygtex)
Package babel Info: Redefining russian shorthand "|
(babel)             in language  on input line 237.
Package babel Info: Redefining russian shorthand "~
(babel)             in language  on input line 237.
Package babel Info: Redefining russian shorthand "|
(babel)             in language  on input line 237.
Package babel Info: Redefining russian shorthand "~
(babel)             in language  on input line 237.
 [9]
<Unity_components.png, id=169, 760.34062pt x 614.295pt>
File: Unity_components.png Graphic file (type png)
<use Unity_components.png>
Package pdftex.def Info: Unity_components.png  used on input line 240.
(pdftex.def)             Requested size: 456.20789pt x 368.57983pt.
Package babel Info: Redefining russian shorthand "|
(babel)             in language  on input line 244.
Package babel Info: Redefining russian shorthand "~
(babel)             in language  on input line 244.
Package babel Info: Redefining russian shorthand "|
(babel)             in language  on input line 244.
Package babel Info: Redefining russian shorthand "~
(babel)             in language  on input line 244.
 [10 <./Unity_zlayers.png>]
\openout5 = `coursework.pyg'.


(_minted-coursework/CB37EB99BB2AEA4EE03F61CD460810E42E116336407F50C43785BB482CF
BE446.pygtex)
\openout5 = `coursework.pyg'.


(_minted-coursework/E28CF7DFC87D08CDAD4C5DAF5DB4814C2E116336407F50C43785BB482CF
BE446.pygtex)
<Unity_animation.png, id=178, 783.67781pt x 63.98906pt>
File: Unity_animation.png Graphic file (type png)
<use Unity_animation.png>
Package pdftex.def Info: Unity_animation.png  used on input line 250.
(pdftex.def)             Requested size: 470.21031pt x 38.39372pt.
\openout5 = `coursework.pyg'.


(_minted-coursework/E28CF7DFC87D08CDAD4C5DAF5DB4814C2E116336407F50C43785BB482CF
BE446.pygtex)
\openout5 = `coursework.pyg'.


(_minted-coursework/E28CF7DFC87D08CDAD4C5DAF5DB4814C2E116336407F50C43785BB482CF
BE446.pygtex)
\openout5 = `coursework.pyg'.


(_minted-coursework/E28CF7DFC87D08CDAD4C5DAF5DB4814C2E116336407F50C43785BB482CF
BE446.pygtex)
\openout5 = `coursework.pyg'.


(_minted-coursework/611BF32D57CD5886B6031A78FE90BFC52E116336407F50C43785BB482CF
BE446.pygtex)
\openout5 = `coursework.pyg'.


(_minted-coursework/893E852BF500DBD524C6896BE9657F922E116336407F50C43785BB482CF
BE446.pygtex
LaTeX Font Info:    Font shape `T2A/cmtt/bx/n' in size <14.4> not available
(Font)              Font shape `T2A/cmtt/m/n' tried instead on input line 2.
)
\openout5 = `coursework.pyg'.


(_minted-coursework/CB37EB99BB2AEA4EE03F61CD460810E42E116336407F50C43785BB482CF
BE446.pygtex)
Package babel Info: Redefining russian shorthand "|
(babel)             in language  on input line 255.
Package babel Info: Redefining russian shorthand "~
(babel)             in language  on input line 255.
Package babel Info: Redefining russian shorthand "|
(babel)             in language  on input line 255.
Package babel Info: Redefining russian shorthand "~
(babel)             in language  on input line 255.
 [11 <./Unity_components.png> <./Unity_animation.png>]
<Unity_animatorchange.png, id=187, 722.7pt x 341.77687pt>
File: Unity_animatorchange.png Graphic file (type png)
<use Unity_animatorchange.png>
Package pdftex.def Info: Unity_animatorchange.png  used on input line 258.
(pdftex.def)             Requested size: 433.62334pt x 205.0677pt.
\openout5 = `coursework.pyg'.


(_minted-coursework/E28CF7DFC87D08CDAD4C5DAF5DB4814C2E116336407F50C43785BB482CF
BE446.pygtex)
\openout5 = `coursework.pyg'.


(_minted-coursework/C1DD9039DA472B93F1293E09878A95002E116336407F50C43785BB482CF
BE446.pygtex)
\openout5 = `coursework.pyg'.


(_minted-coursework/AFA949A36CADB8058FCA219EE4A257DE2E116336407F50C43785BB482CF
BE446.pygtex)
\openout5 = `coursework.pyg'.


(_minted-coursework/2D3DADC2C191C4A102E7A9BED1A8C6D52E116336407F50C43785BB482CF
BE446.pygtex)
\openout5 = `coursework.pyg'.


(_minted-coursework/156279AB66500A3C788973EC4F97DFCB2E116336407F50C43785BB482CF
BE446.pygtex)
\openout5 = `coursework.pyg'.


(_minted-coursework/E28CF7DFC87D08CDAD4C5DAF5DB4814C2E116336407F50C43785BB482CF
BE446.pygtex)
\openout5 = `coursework.pyg'.


(_minted-coursework/2F64267CB717CEE85054093DA85FD90A2E116336407F50C43785BB482CF
BE446.pygtex)
\openout5 = `coursework.pyg'.


(_minted-coursework/4348FF21661E9DB0CF9BB71CBBCF42BA2E116336407F50C43785BB482CF
BE446.pygtex)
\openout5 = `coursework.pyg'.


(_minted-coursework/2F64267CB717CEE85054093DA85FD90A2E116336407F50C43785BB482CF
BE446.pygtex)
\openout5 = `coursework.pyg'.


(_minted-coursework/4348FF21661E9DB0CF9BB71CBBCF42BA2E116336407F50C43785BB482CF
BE446.pygtex)
\openout5 = `coursework.pyg'.


(_minted-coursework/C1DD9039DA472B93F1293E09878A95002E116336407F50C43785BB482CF
BE446.pygtex)
\openout3 = `coursework.pyg'.


(_minted-coursework/0EDC328684A49384DE583270BBF308459CFF9BB4E8356845477CDA42124
3E28A.pygtex
LaTeX Font Info:    Font shape `T2A/cmtt/bx/n' in size <12> not available
(Font)              Font shape `T2A/cmtt/m/n' tried instead on input line 2.
Package babel Info: Redefining russian shorthand "|
(babel)             in language  on input line 20.
Package babel Info: Redefining russian shorthand "~
(babel)             in language  on input line 20.
Package babel Info: Redefining russian shorthand "|
(babel)             in language  on input line 20.
Package babel Info: Redefining russian shorthand "~
(babel)             in language  on input line 20.
 [12 <./Unity_animatorchange.png>])
\openout5 = `coursework.pyg'.


(_minted-coursework/E28CF7DFC87D08CDAD4C5DAF5DB4814C2E116336407F50C43785BB482CF
BE446.pygtex)
\openout5 = `coursework.pyg'.


(_minted-coursework/E1DAEC43F405129C7C15CC8BBF7BE2182E116336407F50C43785BB482CF
BE446.pygtex)
\openout5 = `coursework.pyg'.


(_minted-coursework/E28CF7DFC87D08CDAD4C5DAF5DB4814C2E116336407F50C43785BB482CF
BE446.pygtex)
\openout5 = `coursework.pyg'.


(_minted-coursework/CE5014E11B26195F82B5E1981E53ED3D2E116336407F50C43785BB482CF
BE446.pygtex)
\openout5 = `coursework.pyg'.


(_minted-coursework/FABE22CC6784268390D0216E1FE2275C2E116336407F50C43785BB482CF
BE446.pygtex)
\openout5 = `coursework.pyg'.


(_minted-coursework/DCEC9EC06C1A832712CA05B0FACED0B82E116336407F50C43785BB482CF
BE446.pygtex)
\openout5 = `coursework.pyg'.


(_minted-coursework/CAD2545DA781DA77457811AE8D0015502E116336407F50C43785BB482CF
BE446.pygtex)
\openout5 = `coursework.pyg'.


(_minted-coursework/8FBAFA9E5F85D647E8A84957C9341C382E116336407F50C43785BB482CF
BE446.pygtex)
\openout5 = `coursework.pyg'.


(_minted-coursework/E4CC1A2FDA76A5BF1EA1EA16E41EF4452E116336407F50C43785BB482CF
BE446.pygtex)
\openout5 = `coursework.pyg'.


(_minted-coursework/DAD985059FF45C187B8F51B5914EB8AF2E116336407F50C43785BB482CF
BE446.pygtex)
\openout5 = `coursework.pyg'.


(_minted-coursework/3184BD90BA97F8708BDF1269F5B85A452E116336407F50C43785BB482CF
BE446.pygtex)
\openout5 = `coursework.pyg'.


(_minted-coursework/E28CF7DFC87D08CDAD4C5DAF5DB4814C2E116336407F50C43785BB482CF
BE446.pygtex)
\openout5 = `coursework.pyg'.


(_minted-coursework/65682A4132675033AA06A883EB0725402E116336407F50C43785BB482CF
BE446.pygtex)
\openout5 = `coursework.pyg'.


(_minted-coursework/AA17D815F090537A2C2FC2B2048643C22E116336407F50C43785BB482CF
BE446.pygtex)
Overfull \hbox (11.24698pt too wide) in paragraph at lines 289--310
[][] 
 []

\openout5 = `coursework.pyg'.


(_minted-coursework/974ECDFD42CDFF0D8951AF140027F00A2E116336407F50C43785BB482CF
BE446.pygtex)
\openout5 = `coursework.pyg'.


(_minted-coursework/1B893666D6C643FA625979F82AB6DCB72E116336407F50C43785BB482CF
BE446.pygtex)
\openout5 = `coursework.pyg'.


(_minted-coursework/7FCB0D72597B72BC61F668217891E1052E116336407F50C43785BB482CF
BE446.pygtex)
Package babel Info: Redefining russian shorthand "|
(babel)             in language  on input line 313.
Package babel Info: Redefining russian shorthand "~
(babel)             in language  on input line 313.
Package babel Info: Redefining russian shorthand "|
(babel)             in language  on input line 313.
Package babel Info: Redefining russian shorthand "~
(babel)             in language  on input line 313.
 [13]
Package babel Info: Redefining russian shorthand "|
(babel)             in language  on input line 313.
Package babel Info: Redefining russian shorthand "~
(babel)             in language  on input line 313.
Package babel Info: Redefining russian shorthand "|
(babel)             in language  on input line 316.
Package babel Info: Redefining russian shorthand "~
(babel)             in language  on input line 316.
\openout5 = `coursework.pyg'.


(_minted-coursework/E28CF7DFC87D08CDAD4C5DAF5DB4814C2E116336407F50C43785BB482CF
BE446.pygtex)
\openout5 = `coursework.pyg'.


(_minted-coursework/C1DD9039DA472B93F1293E09878A95002E116336407F50C43785BB482CF
BE446.pygtex)
\openout5 = `coursework.pyg'.


(_minted-coursework/E0849B7DF5FD2873B8DE37167EDBA9F42E116336407F50C43785BB482CF
BE446.pygtex)
\openout5 = `coursework.pyg'.


(_minted-coursework/E28CF7DFC87D08CDAD4C5DAF5DB4814C2E116336407F50C43785BB482CF
BE446.pygtex)
\openout5 = `coursework.pyg'.


(_minted-coursework/E28CF7DFC87D08CDAD4C5DAF5DB4814C2E116336407F50C43785BB482CF
BE446.pygtex)
\openout5 = `coursework.pyg'.


(_minted-coursework/77859AE1E72B246B1902038234D392BD2E116336407F50C43785BB482CF
BE446.pygtex)
\openout5 = `coursework.pyg'.


(_minted-coursework/E28CF7DFC87D08CDAD4C5DAF5DB4814C2E116336407F50C43785BB482CF
BE446.pygtex)
\openout5 = `coursework.pyg'.


(_minted-coursework/E28CF7DFC87D08CDAD4C5DAF5DB4814C2E116336407F50C43785BB482CF
BE446.pygtex)
\openout5 = `coursework.pyg'.


(_minted-coursework/77859AE1E72B246B1902038234D392BD2E116336407F50C43785BB482CF
BE446.pygtex)
Package babel Info: Redefining russian shorthand "|
(babel)             in language  on input line 323.
Package babel Info: Redefining russian shorthand "~
(babel)             in language  on input line 323.
\openout5 = `coursework.pyg'.


(_minted-coursework/AAAEC6864DE6133E45FB79D71F1CBF942E116336407F50C43785BB482CF
BE446.pygtex)
\openout5 = `coursework.pyg'.


(_minted-coursework/E28CF7DFC87D08CDAD4C5DAF5DB4814C2E116336407F50C43785BB482CF
BE446.pygtex)
\openout5 = `coursework.pyg'.


(_minted-coursework/77859AE1E72B246B1902038234D392BD2E116336407F50C43785BB482CF
BE446.pygtex)
\openout5 = `coursework.pyg'.


(_minted-coursework/E28CF7DFC87D08CDAD4C5DAF5DB4814C2E116336407F50C43785BB482CF
BE446.pygtex)
\openout5 = `coursework.pyg'.


(_minted-coursework/191C0DB44E2EC17990042777ECE91FC72E116336407F50C43785BB482CF
BE446.pygtex)
\openout5 = `coursework.pyg'.


(_minted-coursework/E28CF7DFC87D08CDAD4C5DAF5DB4814C2E116336407F50C43785BB482CF
BE446.pygtex)
\openout5 = `coursework.pyg'.


(_minted-coursework/77859AE1E72B246B1902038234D392BD2E116336407F50C43785BB482CF
BE446.pygtex)
\openout5 = `coursework.pyg'.


(_minted-coursework/E28CF7DFC87D08CDAD4C5DAF5DB4814C2E116336407F50C43785BB482CF
BE446.pygtex)
Package babel Info: Redefining russian shorthand "|
(babel)             in language  on input line 328.
Package babel Info: Redefining russian shorthand "~
(babel)             in language  on input line 328.
\openout5 = `coursework.pyg'.


(_minted-coursework/77859AE1E72B246B1902038234D392BD2E116336407F50C43785BB482CF
BE446.pygtex)
\openout5 = `coursework.pyg'.


(_minted-coursework/2D3DADC2C191C4A102E7A9BED1A8C6D52E116336407F50C43785BB482CF
BE446.pygtex)
\openout5 = `coursework.pyg'.


(_minted-coursework/9BF1C84A532982CC59E7ACA1728CBF4D2E116336407F50C43785BB482CF
BE446.pygtex)
Overfull \hbox (31.6605pt too wide) in paragraph at lines 329--330
[]\T2A/ftm/m/n/14.4  \T2A/cmtt/m/n/14.4 Construct \T2A/ftm/m/n/14.4 - 
-- ---  -- ---  \T2A/cmtt/m/n/14.4 JavaScript
\T2A/ftm/m/n/14.4 .
 []

Package babel Info: Redefining russian shorthand "|
(babel)             in language  on input line 330.
Package babel Info: Redefining russian shorthand "~
(babel)             in language  on input line 330.
Package babel Info: Redefining russian shorthand "|
(babel)             in language  on input line 330.
Package babel Info: Redefining russian shorthand "~
(babel)             in language  on input line 330.
[14

]
\openout5 = `coursework.pyg'.


(_minted-coursework/E28CF7DFC87D08CDAD4C5DAF5DB4814C2E116336407F50C43785BB482CF
BE446.pygtex)
Package babel Info: Redefining russian shorthand "|
(babel)             in language  on input line 333.
Package babel Info: Redefining russian shorthand "~
(babel)             in language  on input line 333.
\openout5 = `coursework.pyg'.


(_minted-coursework/77859AE1E72B246B1902038234D392BD2E116336407F50C43785BB482CF
BE446.pygtex)
\openout5 = `coursework.pyg'.


(_minted-coursework/77859AE1E72B246B1902038234D392BD2E116336407F50C43785BB482CF
BE446.pygtex)
\openout5 = `coursework.pyg'.


(_minted-coursework/77859AE1E72B246B1902038234D392BD2E116336407F50C43785BB482CF
BE446.pygtex)
\openout5 = `coursework.pyg'.


(_minted-coursework/77859AE1E72B246B1902038234D392BD2E116336407F50C43785BB482CF
BE446.pygtex)
\openout5 = `coursework.pyg'.


(_minted-coursework/E28CF7DFC87D08CDAD4C5DAF5DB4814C2E116336407F50C43785BB482CF
BE446.pygtex)
Package babel Info: Redefining russian shorthand "|
(babel)             in language  on input line 337.
Package babel Info: Redefining russian shorthand "~
(babel)             in language  on input line 337.
Package babel Info: Redefining russian shorthand "|
(babel)             in language  on input line 337.
Package babel Info: Redefining russian shorthand "~
(babel)             in language  on input line 337.
 [15]
Package babel Info: Redefining russian shorthand "|
(babel)             in language  on input line 338.
Package babel Info: Redefining russian shorthand "~
(babel)             in language  on input line 338.
Package babel Info: Redefining russian shorthand "|
(babel)             in language  on input line 339.
Package babel Info: Redefining russian shorthand "~
(babel)             in language  on input line 339.
\openout5 = `coursework.pyg'.


(_minted-coursework/77859AE1E72B246B1902038234D392BD2E116336407F50C43785BB482CF
BE446.pygtex)
\openout5 = `coursework.pyg'.


(_minted-coursework/E28CF7DFC87D08CDAD4C5DAF5DB4814C2E116336407F50C43785BB482CF
BE446.pygtex)
\openout5 = `coursework.pyg'.


(_minted-coursework/3CC1ED7597FE8CDAE508299E87B083F12E116336407F50C43785BB482CF
BE446.pygtex)
\openout5 = `coursework.pyg'.


(_minted-coursework/95C4B15D60D25F7A65A23423FF75FA502E116336407F50C43785BB482CF
BE446.pygtex)
<Construct_starting.png, id=225, 799.48688pt x 774.64406pt>
File: Construct_starting.png Graphic file (type png)
<use Construct_starting.png>
Package pdftex.def Info: Construct_starting.png  used on input line 346.
(pdftex.def)             Requested size: 399.74246pt x 387.32108pt.
\openout5 = `coursework.pyg'.


(_minted-coursework/5F55C5B2C2C769C0D5C2A24300D6BB272E116336407F50C43785BB482CF
BE446.pygtex)
<Construct_startevent.png, id=227, 440.39531pt x 45.92157pt>
File: Construct_startevent.png Graphic file (type png)
<use Construct_startevent.png>
Package pdftex.def Info: Construct_startevent.png  used on input line 354.
(pdftex.def)             Requested size: 440.39423pt x 45.92145pt.
\openout5 = `coursework.pyg'.


(_minted-coursework/DDB298A641976990A70167BBD824E23B2E116336407F50C43785BB482CF
BE446.pygtex)
\openout5 = `coursework.pyg'.


(_minted-coursework/E316F5D71B42C1E208D82BE550D2CC672E116336407F50C43785BB482CF
BE446.pygtex)
\openout5 = `coursework.pyg'.


(_minted-coursework/5F55C5B2C2C769C0D5C2A24300D6BB272E116336407F50C43785BB482CF
BE446.pygtex)
Package babel Info: Redefining russian shorthand "|
(babel)             in language  on input line 359.
Package babel Info: Redefining russian shorthand "~
(babel)             in language  on input line 359.
Package babel Info: Redefining russian shorthand "|
(babel)             in language  on input line 359.
Package babel Info: Redefining russian shorthand "~
(babel)             in language  on input line 359.
 [16

 <./Construct_starting.png>]
<Construct_game.png, id=236, 720.44156pt x 697.10437pt>
File: Construct_game.png Graphic file (type png)
<use Construct_game.png>
Package pdftex.def Info: Construct_game.png  used on input line 362.
(pdftex.def)             Requested size: 504.30565pt x 487.96973pt.

Overfull \hbox (20.60878pt too wide) in paragraph at lines 362--363
 [][] 
 []

\openout5 = `coursework.pyg'.


(_minted-coursework/8641BE1AD88DBC45C9590802C407A88B2E116336407F50C43785BB482CF
BE446.pygtex)
\openout5 = `coursework.pyg'.


(_minted-coursework/3CC1ED7597FE8CDAE508299E87B083F12E116336407F50C43785BB482CF
BE446.pygtex)
\openout5 = `coursework.pyg'.


(_minted-coursework/65D43DD1FFE416B764A7F59D296E61542E116336407F50C43785BB482CF
BE446.pygtex)
\openout5 = `coursework.pyg'.


(_minted-coursework/65D43DD1FFE416B764A7F59D296E61542E116336407F50C43785BB482CF
BE446.pygtex)
Package babel Info: Redefining russian shorthand "|
(babel)             in language  on input line 367.
Package babel Info: Redefining russian shorthand "~
(babel)             in language  on input line 367.
Package babel Info: Redefining russian shorthand "|
(babel)             in language  on input line 367.
Package babel Info: Redefining russian shorthand "~
(babel)             in language  on input line 367.
 [17 <./Construct_startevent.png> <./Construct_game.png>]
<Construct_pluer.png, id=245, 190.46156pt x 601.4972pt>
File: Construct_pluer.png Graphic file (type png)
<use Construct_pluer.png>
Package pdftex.def Info: Construct_pluer.png  used on input line 370.
(pdftex.def)             Requested size: 133.32216pt x 421.04517pt.
\openout5 = `coursework.pyg'.


(_minted-coursework/A5C8CE6978E46813E453D0277E47EA532E116336407F50C43785BB482CF
BE446.pygtex)
\openout5 = `coursework.pyg'.


(_minted-coursework/6CC41B7A2F29A0DC5AC9ADE53BDCEE6A2E116336407F50C43785BB482CF
BE446.pygtex)
\openout5 = `coursework.pyg'.


(_minted-coursework/52FFBA0810FCAFA0DFF2ADBB84D8DBC92E116336407F50C43785BB482CF
BE446.pygtex)
\openout5 = `coursework.pyg'.


(_minted-coursework/E316F5D71B42C1E208D82BE550D2CC672E116336407F50C43785BB482CF
BE446.pygtex)
\openout5 = `coursework.pyg'.


(_minted-coursework/AC2683766AFEE57596AB2EE1AE2735142E116336407F50C43785BB482CF
BE446.pygtex)
Package babel Info: Redefining russian shorthand "|
(babel)             in language  on input line 375.
Package babel Info: Redefining russian shorthand "~
(babel)             in language  on input line 375.
Package babel Info: Redefining russian shorthand "|
(babel)             in language  on input line 375.
Package babel Info: Redefining russian shorthand "~
(babel)             in language  on input line 375.
 [18 <./Construct_pluer.png>]
<Construct_control.png, id=253, 600.74437pt x 140.02313pt>
File: Construct_control.png Graphic file (type png)
<use Construct_control.png>
Package pdftex.def Info: Construct_control.png  used on input line 378.
(pdftex.def)             Requested size: 480.59615pt x 112.01865pt.
<Construct_switchanim.png, id=255, 493.0922pt x 188.20313pt>
File: Construct_switchanim.png Graphic file (type png)
<use Construct_switchanim.png>
Package pdftex.def Info: Construct_switchanim.png  used on input line 386.
(pdftex.def)             Requested size: 493.09099pt x 188.20265pt.

Overfull \hbox (9.39412pt too wide) in paragraph at lines 386--387
 [][] 
 []

\openout5 = `coursework.pyg'.


(_minted-coursework/3D9F9B8C4C184C5C139ECB727F268D622E116336407F50C43785BB482CF
BE446.pygtex)
<Construct_coin.png, id=257, 359.09157pt x 48.93282pt>
File: Construct_coin.png Graphic file (type png)
<use Construct_coin.png>
Package pdftex.def Info: Construct_coin.png  used on input line 394.
(pdftex.def)             Requested size: 359.09068pt x 48.93268pt.
Package babel Info: Redefining russian shorthand "|
(babel)             in language  on input line 399.
Package babel Info: Redefining russian shorthand "~
(babel)             in language  on input line 399.
Package babel Info: Redefining russian shorthand "|
(babel)             in language  on input line 399.
Package babel Info: Redefining russian shorthand "~
(babel)             in language  on input line 399.
 [19 <./Construct_control.png> <./Construct_switchanim.png>]
\openout5 = `coursework.pyg'.


(_minted-coursework/17F98D98289F0D22BA6F35E0321CCF442E116336407F50C43785BB482CF
BE446.pygtex)
\openout5 = `coursework.pyg'.


(_minted-coursework/71A1B487F4ED9259FBBC5180A818A7652E116336407F50C43785BB482CF
BE446.pygtex)
\openout5 = `coursework.pyg'.


(_minted-coursework/DE00443AE093EBC9E504E2B41851B1B52E116336407F50C43785BB482CF
BE446.pygtex)
\openout5 = `coursework.pyg'.


(_minted-coursework/17F98D98289F0D22BA6F35E0321CCF442E116336407F50C43785BB482CF
BE446.pygtex)
\openout5 = `coursework.pyg'.


(_minted-coursework/71A1B487F4ED9259FBBC5180A818A7652E116336407F50C43785BB482CF
BE446.pygtex)
<Construct_deathstatic.png, id=269, 348.55219pt x 75.28125pt>
File: Construct_deathstatic.png Graphic file (type png)
<use Construct_deathstatic.png>
Package pdftex.def Info: Construct_deathstatic.png  used on input line 405.
(pdftex.def)             Requested size: 348.55132pt x 75.28105pt.
\openout5 = `coursework.pyg'.


(_minted-coursework/17F98D98289F0D22BA6F35E0321CCF442E116336407F50C43785BB482CF
BE446.pygtex)
\openout5 = `coursework.pyg'.


(_minted-coursework/71A1B487F4ED9259FBBC5180A818A7652E116336407F50C43785BB482CF
BE446.pygtex)
\openout5 = `coursework.pyg'.


(_minted-coursework/17F98D98289F0D22BA6F35E0321CCF442E116336407F50C43785BB482CF
BE446.pygtex)
\openout5 = `coursework.pyg'.


(_minted-coursework/71A1B487F4ED9259FBBC5180A818A7652E116336407F50C43785BB482CF
BE446.pygtex)
\openout5 = `coursework.pyg'.


(_minted-coursework/8641BE1AD88DBC45C9590802C407A88B2E116336407F50C43785BB482CF
BE446.pygtex)
\openout5 = `coursework.pyg'.


(_minted-coursework/3D9F9B8C4C184C5C139ECB727F268D622E116336407F50C43785BB482CF
BE446.pygtex)
<Construct_deth.png, id=271, 377.91188pt x 49.68562pt>
File: Construct_deth.png Graphic file (type png)
<use Construct_deth.png>
Package pdftex.def Info: Construct_deth.png  used on input line 413.
(pdftex.def)             Requested size: 377.91095pt x 49.6855pt.
\openout5 = `coursework.pyg'.


(_minted-coursework/3CC1ED7597FE8CDAE508299E87B083F12E116336407F50C43785BB482CF
BE446.pygtex)
\openout5 = `coursework.pyg'.


(_minted-coursework/A66391F9B1A4B8B329A905A85FC567752E116336407F50C43785BB482CF
BE446.pygtex)
\openout5 = `coursework.pyg'.


(_minted-coursework/0B5D7F9ECAB10C5F45A4CB17AA838C1E2E116336407F50C43785BB482CF
BE446.pygtex)
\openout5 = `coursework.pyg'.


(_minted-coursework/3CC1ED7597FE8CDAE508299E87B083F12E116336407F50C43785BB482CF
BE446.pygtex)
\openout5 = `coursework.pyg'.


(_minted-coursework/A66391F9B1A4B8B329A905A85FC567752E116336407F50C43785BB482CF
BE446.pygtex)
\openout5 = `coursework.pyg'.


(_minted-coursework/0B5D7F9ECAB10C5F45A4CB17AA838C1E2E116336407F50C43785BB482CF
BE446.pygtex)
\openout5 = `coursework.pyg'.


(_minted-coursework/D1E86BB81001ABB4CAC42C3981642DC82E116336407F50C43785BB482CF
BE446.pygtex)
Package babel Info: Redefining russian shorthand "|
(babel)             in language  on input line 418.
Package babel Info: Redefining russian shorthand "~
(babel)             in language  on input line 418.
Package babel Info: Redefining russian shorthand "|
(babel)             in language  on input line 418.
Package babel Info: Redefining russian shorthand "~
(babel)             in language  on input line 418.
 [20 <./Construct_coin.png> <./Construct_deathstatic.png> <./Construct_deth.png
>]
<Construct_shot.png, id=288, 512.66531pt x 78.2925pt>
File: Construct_shot.png Graphic file (type png)
<use Construct_shot.png>
Package pdftex.def Info: Construct_shot.png  used on input line 421.
(pdftex.def)             Requested size: 410.1328pt x 62.63406pt.
<Construct_trigger.png, id=289, 520.94624pt x 77.53969pt>
File: Construct_trigger.png Graphic file (type png)
<use Construct_trigger.png>
Package pdftex.def Info: Construct_trigger.png  used on input line 427.
(pdftex.def)             Requested size: 416.75757pt x 62.03181pt.
<Construct_create.png, id=290, 371.13657pt x 60.97781pt>
File: Construct_create.png Graphic file (type png)
<use Construct_create.png>
Package pdftex.def Info: Construct_create.png  used on input line 433.
(pdftex.def)             Requested size: 371.13565pt x 60.97765pt.
<Construct_wall.png, id=291, 341.77687pt x 83.5622pt>
File: Construct_wall.png Graphic file (type png)
<use Construct_wall.png>
Package pdftex.def Info: Construct_wall.png  used on input line 439.
(pdftex.def)             Requested size: 341.77603pt x 83.56198pt.
<Construct_pluerarrow.png, id=292, 341.02406pt x 91.09032pt>
File: Construct_pluerarrow.png Graphic file (type png)
<use Construct_pluerarrow.png>
Package pdftex.def Info: Construct_pluerarrow.png  used on input line 445.
(pdftex.def)             Requested size: 341.02322pt x 91.09007pt.
\openout5 = `coursework.pyg'.


(_minted-coursework/3CC1ED7597FE8CDAE508299E87B083F12E116336407F50C43785BB482CF
BE446.pygtex)
\openout5 = `coursework.pyg'.


(_minted-coursework/65D43DD1FFE416B764A7F59D296E61542E116336407F50C43785BB482CF
BE446.pygtex)
Package babel Info: Redefining russian shorthand "|
(babel)             in language  on input line 450.
Package babel Info: Redefining russian shorthand "~
(babel)             in language  on input line 450.
Package babel Info: Redefining russian shorthand "|
(babel)             in language  on input line 450.
Package babel Info: Redefining russian shorthand "~
(babel)             in language  on input line 450.
 [21 <./Construct_shot.png> <./Construct_trigger.png> <./Construct_create.png> 
<./Construct_wall.png> <./Construct_pluerarrow.png>]
<Construct_enemy.png, id=306, 442.65375pt x 461.47406pt>
File: Construct_enemy.png Graphic file (type png)
<use Construct_enemy.png>
Package pdftex.def Info: Construct_enemy.png  used on input line 453.
(pdftex.def)             Requested size: 442.65265pt x 461.47292pt.
Package babel Info: Redefining russian shorthand "|
(babel)             in language  on input line 458.
Package babel Info: Redefining russian shorthand "~
(babel)             in language  on input line 458.
Package babel Info: Redefining russian shorthand "|
(babel)             in language  on input line 458.
Package babel Info: Redefining russian shorthand "~
(babel)             in language  on input line 458.
 [22 <./Construct_enemy.png>]
<Construct_exit.png, id=316, 369.63094pt x 38.39343pt>
File: Construct_exit.png Graphic file (type png)
<use Construct_exit.png>
Package pdftex.def Info: Construct_exit.png  used on input line 461.
(pdftex.def)             Requested size: 369.63002pt x 38.39333pt.
<Construct_coincount.png, id=317, 331.2375pt x 30.1125pt>
File: Construct_coincount.png Graphic file (type png)
<use Construct_coincount.png>
Package pdftex.def Info: Construct_coincount.png  used on input line 467.
(pdftex.def)             Requested size: 331.23668pt x 30.11241pt.
<Construct_fin.png, id=318, 377.91188pt x 366.61969pt>
File: Construct_fin.png Graphic file (type png)
<use Construct_fin.png>
Package pdftex.def Info: Construct_fin.png  used on input line 473.
(pdftex.def)             Requested size: 377.91095pt x 366.61879pt.
Package babel Info: Redefining russian shorthand "|
(babel)             in language  on input line 478.
Package babel Info: Redefining russian shorthand "~
(babel)             in language  on input line 478.
Package babel Info: Redefining russian shorthand "|
(babel)             in language  on input line 478.
Package babel Info: Redefining russian shorthand "~
(babel)             in language  on input line 478.
 [23 <./Construct_exit.png> <./Construct_coincount.png> <./Construct_fin.png>]
Package babel Info: Redefining russian shorthand "|
(babel)             in language  on input line 480.
Package babel Info: Redefining russian shorthand "~
(babel)             in language  on input line 480.
\openout5 = `coursework.pyg'.


(_minted-coursework/77859AE1E72B246B1902038234D392BD2E116336407F50C43785BB482CF
BE446.pygtex)
\openout5 = `coursework.pyg'.


(_minted-coursework/619E09143541A0FCAEF3A9AC3B115C882E116336407F50C43785BB482CF
BE446.pygtex)
\openout5 = `coursework.pyg'.


(_minted-coursework/229677B32723D6417940962213356D3F2E116336407F50C43785BB482CF
BE446.pygtex)
\openout5 = `coursework.pyg'.


(_minted-coursework/23BEBFDC02193914244E925DE3406BC12E116336407F50C43785BB482CF
BE446.pygtex)
\openout5 = `coursework.pyg'.


(_minted-coursework/E7C02B64657B24A7CBEEB53818032BE92E116336407F50C43785BB482CF
BE446.pygtex)
\openout5 = `coursework.pyg'.


(_minted-coursework/76A2BFE3EF0645EF4338C03FD5C4E98A2E116336407F50C43785BB482CF
BE446.pygtex)
\openout5 = `coursework.pyg'.


(_minted-coursework/B464BDDAA71A266A04BD16C4B761BFAA2E116336407F50C43785BB482CF
BE446.pygtex)
\openout5 = `coursework.pyg'.


(_minted-coursework/95C4B15D60D25F7A65A23423FF75FA502E116336407F50C43785BB482CF
BE446.pygtex)
\openout5 = `coursework.pyg'.


(_minted-coursework/8641BE1AD88DBC45C9590802C407A88B2E116336407F50C43785BB482CF
BE446.pygtex)
\openout3 = `coursework.pyg'.


(_minted-coursework/E0DD737D35D9A6649FF318B326E3E13D9CFF9BB4E8356845477CDA42124
3E28A.pygtex)
\openout5 = `coursework.pyg'.


(_minted-coursework/8641BE1AD88DBC45C9590802C407A88B2E116336407F50C43785BB482CF
BE446.pygtex)
\openout5 = `coursework.pyg'.


(_minted-coursework/33E4E4E380E06BB3FF2703825F1E63F62E116336407F50C43785BB482CF
BE446.pygtex)
\openout5 = `coursework.pyg'.


(_minted-coursework/B87F755E2156D8CB6003C1A0DF545CC42E116336407F50C43785BB482CF
BE446.pygtex)
\openout5 = `coursework.pyg'.


(_minted-coursework/3A654D469B7F11DA7A308346939B2FAA2E116336407F50C43785BB482CF
BE446.pygtex)
\openout5 = `coursework.pyg'.


(_minted-coursework/C67814AED54E2308FDDFB2F768FD6AF32E116336407F50C43785BB482CF
BE446.pygtex)
\openout5 = `coursework.pyg'.


(_minted-coursework/CB37EB99BB2AEA4EE03F61CD460810E42E116336407F50C43785BB482CF
BE446.pygtex)
Overfull \hbox (1.16785pt too wide) in paragraph at lines 488--489
\T2A/cmtt/m/n/14.4 Rigidbody []2[]D \T2A/ftm/m/n/14.4  --- --
-  --, \T2A/cmtt/m/n/14.4 Sprite Renderer
 []

\openout5 = `coursework.pyg'.


(_minted-coursework/5F0B0E056C4C5DDCA67A9F9D2D9C9D232E116336407F50C43785BB482CF
BE446.pygtex)
\openout5 = `coursework.pyg'.


(_minted-coursework/C9DB43C895386B8D77EF52B1EB5546AE2E116336407F50C43785BB482CF
BE446.pygtex)
\openout5 = `coursework.pyg'.


(_minted-coursework/8DADBD0CAD47CE595EFE58ECC6CA94282E116336407F50C43785BB482CF
BE446.pygtex)
\openout5 = `coursework.pyg'.


(_minted-coursework/CAA623769CA2B87965EAB7B5A7C6CA1D2E116336407F50C43785BB482CF
BE446.pygtex)
\openout5 = `coursework.pyg'.


(_minted-coursework/2F64267CB717CEE85054093DA85FD90A2E116336407F50C43785BB482CF
BE446.pygtex)
\openout5 = `coursework.pyg'.


(_minted-coursework/46A9B4CE11BB0D14A509BE123A6B46972E116336407F50C43785BB482CF
BE446.pygtex)
\openout5 = `coursework.pyg'.


(_minted-coursework/4348FF21661E9DB0CF9BB71CBBCF42BA2E116336407F50C43785BB482CF
BE446.pygtex)
\openout5 = `coursework.pyg'.


(_minted-coursework/35440E9B68C15BC8CA576DC830E5CC232E116336407F50C43785BB482CF
BE446.pygtex)
\openout5 = `coursework.pyg'.


(_minted-coursework/E3F1228FCED44E38865F807AC7B838C32E116336407F50C43785BB482CF
BE446.pygtex)
\openout5 = `coursework.pyg'.


(_minted-coursework/4134E4591C5CC22F19DA3B8568846FCD2E116336407F50C43785BB482CF
BE446.pygtex)
\openout5 = `coursework.pyg'.


(_minted-coursework/38284723847139F7D63DDE83A1FBBAE22E116336407F50C43785BB482CF
BE446.pygtex)
\openout5 = `coursework.pyg'.


(_minted-coursework/E3F1228FCED44E38865F807AC7B838C32E116336407F50C43785BB482CF
BE446.pygtex)
\openout5 = `coursework.pyg'.


(_minted-coursework/E488D87BAFF3A9B2C55E89921B6298922E116336407F50C43785BB482CF
BE446.pygtex)
\openout5 = `coursework.pyg'.


(_minted-coursework/0D1370EACEE071840051D1A62C92619E2E116336407F50C43785BB482CF
BE446.pygtex)
\openout5 = `coursework.pyg'.


(_minted-coursework/38284723847139F7D63DDE83A1FBBAE22E116336407F50C43785BB482CF
BE446.pygtex)
\openout5 = `coursework.pyg'.


(_minted-coursework/0D1370EACEE071840051D1A62C92619E2E116336407F50C43785BB482CF
BE446.pygtex)
\openout5 = `coursework.pyg'.


(_minted-coursework/38284723847139F7D63DDE83A1FBBAE22E116336407F50C43785BB482CF
BE446.pygtex)
Package babel Info: Redefining russian shorthand "|
(babel)             in language  on input line 492.
Package babel Info: Redefining russian shorthand "~
(babel)             in language  on input line 492.
Package babel Info: Redefining russian shorthand "|
(babel)             in language  on input line 492.
Package babel Info: Redefining russian shorthand "~
(babel)             in language  on input line 492.
 [24]
\openout3 = `coursework.pyg'.


(_minted-coursework/130AA244BAC96944E3F2DC7C774F86F19CFF9BB4E8356845477CDA42124
3E28A.pygtex)
\openout5 = `coursework.pyg'.


(_minted-coursework/EBAE67C890E6C5FBE04967BC03D0A8572E116336407F50C43785BB482CF
BE446.pygtex)
\openout5 = `coursework.pyg'.


(_minted-coursework/2A7E695F56F9A31751663B8F3185BD172E116336407F50C43785BB482CF
BE446.pygtex)
\openout5 = `coursework.pyg'.


(_minted-coursework/CB37EB99BB2AEA4EE03F61CD460810E42E116336407F50C43785BB482CF
BE446.pygtex)
\openout5 = `coursework.pyg'.


(_minted-coursework/2F64267CB717CEE85054093DA85FD90A2E116336407F50C43785BB482CF
BE446.pygtex)
\openout5 = `coursework.pyg'.


(_minted-coursework/CB37EB99BB2AEA4EE03F61CD460810E42E116336407F50C43785BB482CF
BE446.pygtex)
\openout5 = `coursework.pyg'.


(_minted-coursework/4348FF21661E9DB0CF9BB71CBBCF42BA2E116336407F50C43785BB482CF
BE446.pygtex)
\openout5 = `coursework.pyg'.


(_minted-coursework/35440E9B68C15BC8CA576DC830E5CC232E116336407F50C43785BB482CF
BE446.pygtex)
\openout5 = `coursework.pyg'.


(_minted-coursework/AA8C10DD688E9CB89D54E96B5203DF2A2E116336407F50C43785BB482CF
BE446.pygtex)
\openout5 = `coursework.pyg'.


(_minted-coursework/2A7E695F56F9A31751663B8F3185BD172E116336407F50C43785BB482CF
BE446.pygtex)
\openout5 = `coursework.pyg'.


(_minted-coursework/CB37EB99BB2AEA4EE03F61CD460810E42E116336407F50C43785BB482CF
BE446.pygtex)
Package babel Info: Redefining russian shorthand "|
(babel)             in language  on input line 520.
Package babel Info: Redefining russian shorthand "~
(babel)             in language  on input line 520.
Package babel Info: Redefining russian shorthand "|
(babel)             in language  on input line 520.
Package babel Info: Redefining russian shorthand "~
(babel)             in language  on input line 520.
 [25]
\openout3 = `coursework.pyg'.


(_minted-coursework/DB73B6A51AC615F2D33B388FF8DBE2569CFF9BB4E8356845477CDA42124
3E28A.pygtex
Package babel Info: Redefining russian shorthand "|
(babel)             in language  on input line 32.
Package babel Info: Redefining russian shorthand "~
(babel)             in language  on input line 32.
Package babel Info: Redefining russian shorthand "|
(babel)             in language  on input line 32.
Package babel Info: Redefining russian shorthand "~
(babel)             in language  on input line 32.
 [26])
\openout5 = `coursework.pyg'.


(_minted-coursework/256C0E62D77BC70C5553B5B1942F84AE2E116336407F50C43785BB482CF
BE446.pygtex)
\openout5 = `coursework.pyg'.


(_minted-coursework/256C0E62D77BC70C5553B5B1942F84AE2E116336407F50C43785BB482CF
BE446.pygtex)
\openout5 = `coursework.pyg'.


(_minted-coursework/14F8A1A30DE26E9F9EF2F2376421CE442E116336407F50C43785BB482CF
BE446.pygtex)
\openout5 = `coursework.pyg'.


(_minted-coursework/2A7E695F56F9A31751663B8F3185BD172E116336407F50C43785BB482CF
BE446.pygtex)
\openout5 = `coursework.pyg'.


(_minted-coursework/2F64267CB717CEE85054093DA85FD90A2E116336407F50C43785BB482CF
BE446.pygtex)
\openout5 = `coursework.pyg'.


(_minted-coursework/CB37EB99BB2AEA4EE03F61CD460810E42E116336407F50C43785BB482CF
BE446.pygtex)
\openout5 = `coursework.pyg'.


(_minted-coursework/B3EF868B9B5EB15A4D7FCF97340E6FF72E116336407F50C43785BB482CF
BE446.pygtex)
\openout5 = `coursework.pyg'.


(_minted-coursework/80363EA698B8846A5C669CC5776937EA2E116336407F50C43785BB482CF
BE446.pygtex)
\openout3 = `coursework.pyg'.


(_minted-coursework/14A1018638B8C69F90F5F50DBD2BED8E9CFF9BB4E8356845477CDA42124
3E28A.pygtex
Package babel Info: Redefining russian shorthand "|
(babel)             in language  on input line 33.
Package babel Info: Redefining russian shorthand "~
(babel)             in language  on input line 33.
Package babel Info: Redefining russian shorthand "|
(babel)             in language  on input line 33.
Package babel Info: Redefining russian shorthand "~
(babel)             in language  on input line 33.
 [27])
\openout5 = `coursework.pyg'.


(_minted-coursework/EF22921E711B8DBD6DC645F286966E032E116336407F50C43785BB482CF
BE446.pygtex)
\openout5 = `coursework.pyg'.


(_minted-coursework/C53C58017D06982C33177741723C87CC2E116336407F50C43785BB482CF
BE446.pygtex)
\openout5 = `coursework.pyg'.


(_minted-coursework/CB37EB99BB2AEA4EE03F61CD460810E42E116336407F50C43785BB482CF
BE446.pygtex)
\openout5 = `coursework.pyg'.


(_minted-coursework/43B8AAB8238A5FAC6B8A1EDE6919F77A2E116336407F50C43785BB482CF
BE446.pygtex)
\openout5 = `coursework.pyg'.


(_minted-coursework/321F475AC91C89E7D75229D4CB892A542E116336407F50C43785BB482CF
BE446.pygtex)
\openout5 = `coursework.pyg'.


(_minted-coursework/A56FF558E132BD36177D46769E83A14B2E116336407F50C43785BB482CF
BE446.pygtex)
\openout5 = `coursework.pyg'.


(_minted-coursework/EF22921E711B8DBD6DC645F286966E032E116336407F50C43785BB482CF
BE446.pygtex)
\openout5 = `coursework.pyg'.


(_minted-coursework/C53C58017D06982C33177741723C87CC2E116336407F50C43785BB482CF
BE446.pygtex)
\openout3 = `coursework.pyg'.


(_minted-coursework/F78744594C5DD941A0DEE823EDCBED1B9CFF9BB4E8356845477CDA42124
3E28A.pygtex)
\openout5 = `coursework.pyg'.


(_minted-coursework/DD085B26E97573CA4F3D9CDDFAEEB29C2E116336407F50C43785BB482CF
BE446.pygtex)
\openout3 = `coursework.pyg'.


(_minted-coursework/D542166A2A4997EBB476A4B2BD203EFF9CFF9BB4E8356845477CDA42124
3E28A.pygtex
Package babel Info: Redefining russian shorthand "|
(babel)             in language  on input line 1.
Package babel Info: Redefining russian shorthand "~
(babel)             in language  on input line 1.
Package babel Info: Redefining russian shorthand "|
(babel)             in language  on input line 1.
Package babel Info: Redefining russian shorthand "~
(babel)             in language  on input line 1.
 [28])
\openout5 = `coursework.pyg'.


(_minted-coursework/DD52A25F4FA754178FADBF917536C3552E116336407F50C43785BB482CF
BE446.pygtex)
\openout5 = `coursework.pyg'.


(_minted-coursework/80363EA698B8846A5C669CC5776937EA2E116336407F50C43785BB482CF
BE446.pygtex)
\openout5 = `coursework.pyg'.


(_minted-coursework/D3793CDE5B401350BD9343D3CFCC1A132E116336407F50C43785BB482CF
BE446.pygtex)
\openout5 = `coursework.pyg'.


(_minted-coursework/80363EA698B8846A5C669CC5776937EA2E116336407F50C43785BB482CF
BE446.pygtex)
\openout3 = `coursework.pyg'.


(_minted-coursework/0CC7389AA282D98F36623A6CAAF7B4E79CFF9BB4E8356845477CDA42124
3E28A.pygtex
Package babel Info: Redefining russian shorthand "|
(babel)             in language  on input line 17.
Package babel Info: Redefining russian shorthand "~
(babel)             in language  on input line 17.
Package babel Info: Redefining russian shorthand "|
(babel)             in language  on input line 17.
Package babel Info: Redefining russian shorthand "~
(babel)             in language  on input line 17.
 [29])
\openout5 = `coursework.pyg'.


(_minted-coursework/8641BE1AD88DBC45C9590802C407A88B2E116336407F50C43785BB482CF
BE446.pygtex)
\openout5 = `coursework.pyg'.


(_minted-coursework/5B3AAFA54A4C11C112E36C0D69048B052E116336407F50C43785BB482CF
BE446.pygtex)
\openout5 = `coursework.pyg'.


(_minted-coursework/4C9215452BAD6D11C68F7FAA9257E6582E116336407F50C43785BB482CF
BE446.pygtex)
\openout5 = `coursework.pyg'.


(_minted-coursework/0DB7BB95A2211DD059AA2B77BB3E12E62E116336407F50C43785BB482CF
BE446.pygtex)
\openout3 = `coursework.pyg'.


(_minted-coursework/08358B89302E2834B59AB54532FB747F9CFF9BB4E8356845477CDA42124
3E28A.pygtex)
\openout5 = `coursework.pyg'.


(_minted-coursework/F9D21752B67CC13A0579685E0BB600062E116336407F50C43785BB482CF
BE446.pygtex)
\openout5 = `coursework.pyg'.


(_minted-coursework/8641BE1AD88DBC45C9590802C407A88B2E116336407F50C43785BB482CF
BE446.pygtex)
\openout5 = `coursework.pyg'.


(_minted-coursework/2F64267CB717CEE85054093DA85FD90A2E116336407F50C43785BB482CF
BE446.pygtex)
\openout5 = `coursework.pyg'.


(_minted-coursework/C2FB2CDB0A9766A1115F4B7EEA2E43622E116336407F50C43785BB482CF
BE446.pygtex)
\openout5 = `coursework.pyg'.


(_minted-coursework/4348FF21661E9DB0CF9BB71CBBCF42BA2E116336407F50C43785BB482CF
BE446.pygtex)
\openout5 = `coursework.pyg'.


(_minted-coursework/35440E9B68C15BC8CA576DC830E5CC232E116336407F50C43785BB482CF
BE446.pygtex)
\openout5 = `coursework.pyg'.


(_minted-coursework/AFDBC2BB4534DB8AEFDCF6CFFF1928C02E116336407F50C43785BB482CF
BE446.pygtex)
\openout5 = `coursework.pyg'.


(_minted-coursework/E3F1228FCED44E38865F807AC7B838C32E116336407F50C43785BB482CF
BE446.pygtex)
\openout5 = `coursework.pyg'.


(_minted-coursework/2F64267CB717CEE85054093DA85FD90A2E116336407F50C43785BB482CF
BE446.pygtex)
\openout5 = `coursework.pyg'.


(_minted-coursework/4348FF21661E9DB0CF9BB71CBBCF42BA2E116336407F50C43785BB482CF
BE446.pygtex)
\openout3 = `coursework.pyg'.


(_minted-coursework/B093BA593F546E72BB25B14C66E4E2CB9CFF9BB4E8356845477CDA42124
3E28A.pygtex
Overfull \hbox (1.7653pt too wide) in paragraph at lines 694--1
\T2A/cmtt/m/n/14.4 speed, checkRadius, Ground, myrb \T2A/ftm/m/n/14.4 ---
-  -    \T2A/cmtt/m/n/14.4 Pluer\T2A/ftm/m/n/14.4 . \T2A/cmtt/m/
n/14.4 Start
 []

Package babel Info: Redefining russian shorthand "|
(babel)             in language  on input line 1.
Package babel Info: Redefining russian shorthand "~
(babel)             in language  on input line 1.
Package babel Info: Redefining russian shorthand "|
(babel)             in language  on input line 1.
Package babel Info: Redefining russian shorthand "~
(babel)             in language  on input line 1.
[30])
\openout5 = `coursework.pyg'.


(_minted-coursework/80363EA698B8846A5C669CC5776937EA2E116336407F50C43785BB482CF
BE446.pygtex)
\openout5 = `coursework.pyg'.


(_minted-coursework/77859AE1E72B246B1902038234D392BD2E116336407F50C43785BB482CF
BE446.pygtex)
\openout3 = `coursework.pyg'.


(_minted-coursework/1E13653CC96DD60AC32EFA7D4D87FF179CFF9BB4E8356845477CDA42124
3E28A.pygtex)
Package babel Info: Redefining russian shorthand "|
(babel)             in language  on input line 724.
Package babel Info: Redefining russian shorthand "~
(babel)             in language  on input line 724.
Package babel Info: Redefining russian shorthand "|
(babel)             in language  on input line 724.
Package babel Info: Redefining russian shorthand "~
(babel)             in language  on input line 724.
 [31]
Package babel Info: Redefining russian shorthand "|
(babel)             in language  on input line 724.
Package babel Info: Redefining russian shorthand "~
(babel)             in language  on input line 724.
\openout5 = `coursework.pyg'.


(_minted-coursework/77859AE1E72B246B1902038234D392BD2E116336407F50C43785BB482CF
BE446.pygtex)
\openout5 = `coursework.pyg'.


(_minted-coursework/E28CF7DFC87D08CDAD4C5DAF5DB4814C2E116336407F50C43785BB482CF
BE446.pygtex) (coursework.bbl
Package babel Info: Redefining russian shorthand "|
(babel)             in language  on input line 1.
Package babel Info: Redefining russian shorthand "~
(babel)             in language  on input line 1.
Package babel Info: Redefining russian shorthand "|
(babel)             in language  on input line 1.
Package babel Info: Redefining russian shorthand "~
(babel)             in language  on input line 1.
 [32

]
Package babel Info: Redefining russian shorthand "|
(babel)             in language  on input line 1.
Package babel Info: Redefining russian shorthand "~
(babel)             in language  on input line 1.

Underfull \hbox (badness 2932) in paragraph at lines 63--66
\T2A/cmtt/m/n/14.4 gamesparks . com / blog / unity-[]game-[]engine-[]review/$[]
[] \T2A/ftm/m/n/14.4 ( 
 []


Underfull \hbox (badness 10000) in paragraph at lines 69--74
[]\T2A/ftm/m/n/14.4 What in-die de-vel-op-ers think of Uni-ty in 2018
 []


Underfull \hbox (badness 10000) in paragraph at lines 69--74
\T2A/ftm/m/n/14.4 [ ].   URL: [][]$\T2A/cmtt/m/n/14.4 https :
 / / www . pcgamer . com /
 []


Underfull \hbox (badness 2050) in paragraph at lines 69--74
\T2A/cmtt/m/n/14.4 what-[]indie-[]developers-[]think-[]of-[]unity-[]in-[]2018/$
[][] \T2A/ftm/m/n/14.4 ( 
 []

)
Package babel Info: Redefining russian shorthand "|
(babel)             in language  on input line 741.
Package babel Info: Redefining russian shorthand "~
(babel)             in language  on input line 741.
Package babel Info: Redefining russian shorthand "|
(babel)             in language  on input line 741.
Package babel Info: Redefining russian shorthand "~
(babel)             in language  on input line 741.
 [33

]
Package babel Info: Redefining russian shorthand "|
(babel)             in language  on input line 741.
Package babel Info: Redefining russian shorthand "~
(babel)             in language  on input line 741.
\openout5 = `coursework.pyg'.


(_minted-coursework/77859AE1E72B246B1902038234D392BD2E116336407F50C43785BB482CF
BE446.pygtex)
Package babel Info: Redefining russian shorthand "|
(babel)             in language  on input line 743.
Package babel Info: Redefining russian shorthand "~
(babel)             in language  on input line 743.
Package babel Info: Redefining russian shorthand "|
(babel)             in language  on input line 743.
Package babel Info: Redefining russian shorthand "~
(babel)             in language  on input line 743.
 [34

]
Package babel Info: Redefining russian shorthand "|
(babel)             in language  on input line 743.
Package babel Info: Redefining russian shorthand "~
(babel)             in language  on input line 743.

(_minted-coursework/34EAC924114CCDE6DAA7287387DDCFCED579F4D41CB2E6CD854AB209B7C
470FE.pygtex
Package babel Info: Redefining russian shorthand "|
(babel)             in language  on input line 42.
Package babel Info: Redefining russian shorthand "~
(babel)             in language  on input line 42.
Package babel Info: Redefining russian shorthand "|
(babel)             in language  on input line 42.
Package babel Info: Redefining russian shorthand "~
(babel)             in language  on input line 42.
 [35

]
Package babel Info: Redefining russian shorthand "|
(babel)             in language  on input line 83.
Package babel Info: Redefining russian shorthand "~
(babel)             in language  on input line 83.
Package babel Info: Redefining russian shorthand "|
(babel)             in language  on input line 83.
Package babel Info: Redefining russian shorthand "~
(babel)             in language  on input line 83.
 [36]
Package babel Info: Redefining russian shorthand "|
(babel)             in language  on input line 124.
Package babel Info: Redefining russian shorthand "~
(babel)             in language  on input line 124.
Package babel Info: Redefining russian shorthand "|
(babel)             in language  on input line 124.
Package babel Info: Redefining russian shorthand "~
(babel)             in language  on input line 124.
 [37]
Package babel Info: Redefining russian shorthand "|
(babel)             in language  on input line 163.
Package babel Info: Redefining russian shorthand "~
(babel)             in language  on input line 163.
Package babel Info: Redefining russian shorthand "|
(babel)             in language  on input line 163.
Package babel Info: Redefining russian shorthand "~
(babel)             in language  on input line 163.
 [38]
Package babel Info: Redefining russian shorthand "|
(babel)             in language  on input line 198.
Package babel Info: Redefining russian shorthand "~
(babel)             in language  on input line 198.
Package babel Info: Redefining russian shorthand "|
(babel)             in language  on input line 198.
Package babel Info: Redefining russian shorthand "~
(babel)             in language  on input line 198.
 [39]
Package babel Info: Redefining russian shorthand "|
(babel)             in language  on input line 238.
Package babel Info: Redefining russian shorthand "~
(babel)             in language  on input line 238.
Package babel Info: Redefining russian shorthand "|
(babel)             in language  on input line 238.
Package babel Info: Redefining russian shorthand "~
(babel)             in language  on input line 238.
 [40])
(_minted-coursework/A53A51D7DABF62CEB51B62386B7154F4BC64670035E0318253326A45BD0
30055.pygtex
Package babel Info: Redefining russian shorthand "|
(babel)             in language  on input line 17.
Package babel Info: Redefining russian shorthand "~
(babel)             in language  on input line 17.
Package babel Info: Redefining russian shorthand "|
(babel)             in language  on input line 17.
Package babel Info: Redefining russian shorthand "~
(babel)             in language  on input line 17.
 [41]
Package babel Info: Redefining russian shorthand "|
(babel)             in language  on input line 55.
Package babel Info: Redefining russian shorthand "~
(babel)             in language  on input line 55.
Package babel Info: Redefining russian shorthand "|
(babel)             in language  on input line 55.
Package babel Info: Redefining russian shorthand "~
(babel)             in language  on input line 55.
 [42])
(_minted-coursework/4901255884A9DAF3953681A5D89139AC551D5445FE1B1390887231F19D7
6CBED.pygtex
Package babel Info: Redefining russian shorthand "|
(babel)             in language  on input line 24.
Package babel Info: Redefining russian shorthand "~
(babel)             in language  on input line 24.
Package babel Info: Redefining russian shorthand "|
(babel)             in language  on input line 24.
Package babel Info: Redefining russian shorthand "~
(babel)             in language  on input line 24.
 [43])
(_minted-coursework/69A4BC758067D9A9A83E2C1CD8267542F2944AAE0227867DED5A4DF414B
4B5DA.pygtex
Package babel Info: Redefining russian shorthand "|
(babel)             in language  on input line 23.
Package babel Info: Redefining russian shorthand "~
(babel)             in language  on input line 23.
Package babel Info: Redefining russian shorthand "|
(babel)             in language  on input line 23.
Package babel Info: Redefining russian shorthand "~
(babel)             in language  on input line 23.
 [44])
(_minted-coursework/9FFE66B87FCC574610BB6CA18DEEA80840A27DD98ACDF69164D390B5412
9E102.pygtex
Package babel Info: Redefining russian shorthand "|
(babel)             in language  on input line 11.
Package babel Info: Redefining russian shorthand "~
(babel)             in language  on input line 11.
Package babel Info: Redefining russian shorthand "|
(babel)             in language  on input line 11.
Package babel Info: Redefining russian shorthand "~
(babel)             in language  on input line 11.
 [45])
Package atveryend Info: Empty hook `BeforeClearDocument' on input line 754.
Package babel Info: Redefining russian shorthand "|
(babel)             in language  on input line 754.
Package babel Info: Redefining russian shorthand "~
(babel)             in language  on input line 754.
Package babel Info: Redefining russian shorthand "|
(babel)             in language  on input line 754.
Package babel Info: Redefining russian shorthand "~
(babel)             in language  on input line 754.
 [46]
Package atveryend Info: Empty hook `AfterLastShipout' on input line 754.
 (coursework.aux)
Package atveryend Info: Executing hook `AtVeryEndDocument' on input line 754.
Package atveryend Info: Executing hook `AtEndAfterFileList' on input line 754.
Package rerunfilecheck Info: File `coursework.out' has not changed.
(rerunfilecheck)             Checksum: FB0E99A8926E5B3DF8DAE0810910C585;3183.
runsystem(del coursework.pyg)...executed.

 ) 
Here is how much of TeX's memory you used:
 17683 strings out of 493307
 325350 string characters out of 3129325
 457685 words of memory out of 3000000
 20254 multiletter control sequences out of 15000+200000
 19386 words of font info for 57 fonts, out of 3000000 for 9000
 1141 hyphenation exceptions out of 8191
 43i,11n,40p,1840b,629s stack positions out of 5000i,500n,10000p,200000b,50000s
{D:/PortableTEX/texmfs/install/fonts/enc/t2/t2a.enc} <D:\PortableTEX\texmfs/d
ata\fonts\pk\ljfour\lh\lh-t2a\dpi600\lait1200.pk> <D:\PortableTEX\texmfs/data\f
onts\pk\ljfour\lh\lh-t2a\dpi600\latt1200.pk> <D:\PortableTEX\texmfs/data\fonts\
pk\ljfour\lh\lh-t2a\dpi600\latt1440.pk><D:/PortableTEX/texmfs/install/fonts/typ
e1/public/amsfonts/cm/cmmi6.pfb><D:/PortableTEX/texmfs/install/fonts/type1/publ
ic/amsfonts/cm/cmsy6.pfb><D:/PortableTEX/texmfs/install/fonts/type1/public/amsf
onts/symbols/msam10.pfb><D:/PortableTEX/texmfs/localtexmf/fonts/type1/public/ps
cyr/times.pfb><D:/PortableTEX/texmfs/localtexmf/fonts/type1/public/pscyr/timesb
d.pfb><D:/PortableTEX/texmfs/localtexmf/fonts/type1/public/pscyr/timesi.pfb>
Output written on coursework.pdf (46 pages, 1556638 bytes).
PDF statistics:
 673 PDF objects out of 1000 (max. 8388607)
 103 named destinations out of 1000 (max. 500000)
 269 words of extra memory for PDF output out of 10000 (max. 10000000)

