This is pdfTeX, Version 3.14159265-2.6-1.40.18 (MiKTeX 2.9.6500) (preloaded format=pdflatex 2018.1.22)  19 MAY 2020 13:44
entering extended mode
**./example-work.tex
(example-work.tex
LaTeX2e <2017-04-15>
Babel <3.16> and hyphenation patterns for 75 language(s) loaded.
(SCWorks.cls (D:\PortableTEX\texmfs\install\tex\latex\extsizes\extarticle.cls
Document Class: extarticle 1996/10/08 v1.0 Non Standard LaTeX document class
(D:\PortableTEX\texmfs\install\tex\latex\extsizes\size14.clo
File: size14.clo 1999/11/11 v1.4a NON-Standard LaTeX file (size option)
)
(D:\PortableTEX\texmfs\install\tex\latex\base\exscale.sty
Package: exscale 2014/09/29 v2.1h Standard LaTeX package exscale
LaTeX Font Info:    Redeclaring symbol font `largesymbols' on input line 57.
LaTeX Font Info:    Overwriting symbol font `largesymbols' in version `normal'
(Font)                  OMX/cmex/m/n --> OMX/cmex/m/n on input line 57.
LaTeX Font Info:    Overwriting symbol font `largesymbols' in version `bold'
(Font)                  OMX/cmex/m/n --> OMX/cmex/m/n on input line 57.
\big@size=\dimen102
)
\c@part=\count79
\c@section=\count80
\c@subsection=\count81
\c@subsubsection=\count82
\c@paragraph=\count83
\c@subparagraph=\count84
\c@figure=\count85
\c@table=\count86
\abovecaptionskip=\skip41
\belowcaptionskip=\skip42
\bibindent=\dimen103
)
(D:\PortableTEX\texmfs\install\tex\latex\geometry\geometry.sty
Package: geometry 2010/09/12 v5.6 Page Geometry

(D:\PortableTEX\texmfs\install\tex\latex\graphics\keyval.sty
Package: keyval 2014/10/28 v1.15 key=value parser (DPC)
\KV@toks@=\toks14
)
(D:\PortableTEX\texmfs\install\tex\generic\oberdiek\ifpdf.sty
Package: ifpdf 2017/03/15 v3.2 Provides the ifpdf switch
)
(D:\PortableTEX\texmfs\install\tex\generic\oberdiek\ifvtex.sty
Package: ifvtex 2016/05/16 v1.6 Detect VTeX and its facilities (HO)
Package ifvtex Info: VTeX not detected.
)
(D:\PortableTEX\texmfs\install\tex\generic\ifxetex\ifxetex.sty
Package: ifxetex 2010/09/12 v0.6 Provides ifxetex conditional
)
\Gm@cnth=\count87
\Gm@cntv=\count88
\c@Gm@tempcnt=\count89
\Gm@bindingoffset=\dimen104
\Gm@wd@mp=\dimen105
\Gm@odd@mp=\dimen106
\Gm@even@mp=\dimen107
\Gm@layoutwidth=\dimen108
\Gm@layoutheight=\dimen109
\Gm@layouthoffset=\dimen110
\Gm@layoutvoffset=\dimen111
\Gm@dimlist=\toks15

(D:\PortableTEX\texmfs\install\tex\latex\geometry\geometry.cfg))
(D:\PortableTEX\texmfs\install\tex\latex\setspace\setspace.sty
Package: setspace 2011/12/19 v6.7a set line spacing
)
(D:\PortableTEX\texmfs\install\tex\latex\tools\calc.sty
Package: calc 2014/10/28 v4.3 Infix arithmetic (KKT,FJ)
\calc@Acount=\count90
\calc@Bcount=\count91
\calc@Adimen=\dimen112
\calc@Bdimen=\dimen113
\calc@Askip=\skip43
\calc@Bskip=\skip44
LaTeX Info: Redefining \setlength on input line 80.
LaTeX Info: Redefining \addtolength on input line 81.
\calc@Ccount=\count92
\calc@Cskip=\skip45
)
(D:\PortableTEX\texmfs\install\tex\latex\titlesec\titlesec.sty
Package: titlesec 2016/03/21 v2.10.2 Sectioning titles
\ttl@box=\box26
\beforetitleunit=\skip46
\aftertitleunit=\skip47
\ttl@plus=\dimen114
\ttl@minus=\dimen115
\ttl@toksa=\toks16
\titlewidth=\dimen116
\titlewidthlast=\dimen117
\titlewidthfirst=\dimen118
)
(D:\PortableTEX\texmfs\install\tex\latex\titlesec\titletoc.sty
Package: titletoc 2011/12/15 v1.6 TOC entries
\ttl@leftsep=\dimen119
)
(D:\PortableTEX\texmfs\install\tex\latex\caption\caption.sty
Package: caption 2016/02/21 v3.3-144 Customizing captions (AR)

(D:\PortableTEX\texmfs\install\tex\latex\caption\caption3.sty
Package: caption3 2016/05/22 v1.7-166 caption3 kernel (AR)
Package caption3 Info: TeX engine: e-TeX on input line 67.
\captionmargin=\dimen120
\captionmargin@=\dimen121
\captionwidth=\dimen122
\caption@tempdima=\dimen123
\caption@indent=\dimen124
\caption@parindent=\dimen125
\caption@hangindent=\dimen126
)
\c@ContinuedFloat=\count93
)
(D:\PortableTEX\texmfs\install\tex\latex\graphics\graphicx.sty
Package: graphicx 2017/06/01 v1.1a Enhanced LaTeX Graphics (DPC,SPQR)

(D:\PortableTEX\texmfs\install\tex\latex\graphics\graphics.sty
Package: graphics 2017/06/25 v1.2c Standard LaTeX Graphics (DPC,SPQR)

(D:\PortableTEX\texmfs\install\tex\latex\graphics\trig.sty
Package: trig 2016/01/03 v1.10 sin cos tan (DPC)
)
(D:\PortableTEX\texmfs\install\tex\latex\graphics-cfg\graphics.cfg
File: graphics.cfg 2016/06/04 v1.11 sample graphics configuration
)
Package graphics Info: Driver file: pdftex.def on input line 99.

(D:\PortableTEX\texmfs\install\tex\latex\graphics-def\pdftex.def
File: pdftex.def 2018/01/08 v1.0l Graphics/color driver for pdftex
))
\Gin@req@height=\dimen127
\Gin@req@width=\dimen128
)
(D:\PortableTEX\texmfs\install\tex\latex\enumitem\enumitem.sty
Package: enumitem 2011/09/28 v3.5.2 Customized lists
\labelindent=\skip48
\enit@outerparindent=\dimen129
\enit@toks=\toks17
\enit@inbox=\box27
\enitdp@description=\count94
)
\tmp=\skip49

(D:\PortableTEX\texmfs\install\tex\latex\titlesec\block.tss
File: block.tss 2016/03/15
))
(D:\PortableTEX\texmfs\install\tex\latex\base\fontenc.sty
Package: fontenc 2017/04/05 v2.0i Standard LaTeX package

(D:\PortableTEX\texmfs\install\tex\latex\cyrillic\t2aenc.def
File: t2aenc.def 2005/09/27 v1.0i Cyrillic encoding definition file
)
LaTeX Font Info:    Try loading font information for T2A+cmr on input line 105.


(D:\PortableTEX\texmfs\install\tex\latex\cyrillic\t2acmr.fd
File: t2acmr.fd 2001/08/11 v1.0a Computer Modern Cyrillic font definitions
))
(D:\PortableTEX\texmfs\install\tex\latex\base\inputenc.sty
Package: inputenc 2015/03/17 v1.2c Input encoding file
\inpenc@prehook=\toks18
\inpenc@posthook=\toks19

(D:\PortableTEX\texmfs\install\tex\latex\cyrillic\cp1251.def
File: cp1251.def 2014/10/28 v1.0d Input encoding file
))
(D:\PortableTEX\texmfs\install\tex\latex\cite\cite.sty
LaTeX Info: Redefining \cite on input line 302.
LaTeX Info: Redefining \nocite on input line 332.
Package: cite 2015/02/27  v 5.5
)
(D:\PortableTEX\texmfs\install\tex\latex\amsmath\amsmath.sty
Package: amsmath 2017/09/02 v2.17a AMS math features
\@mathmargin=\skip50

For additional information on amsmath, use the `?' option.
(D:\PortableTEX\texmfs\install\tex\latex\amsmath\amstext.sty
Package: amstext 2000/06/29 v2.01 AMS text

(D:\PortableTEX\texmfs\install\tex\latex\amsmath\amsgen.sty
File: amsgen.sty 1999/11/30 v2.0 generic functions
\@emptytoks=\toks20
\ex@=\dimen130
))
(D:\PortableTEX\texmfs\install\tex\latex\amsmath\amsbsy.sty
Package: amsbsy 1999/11/29 v1.2d Bold Symbols
\pmbraise@=\dimen131
)
(D:\PortableTEX\texmfs\install\tex\latex\amsmath\amsopn.sty
Package: amsopn 2016/03/08 v2.02 operator names
)
\inf@bad=\count95
LaTeX Info: Redefining \frac on input line 213.
\uproot@=\count96
\leftroot@=\count97
LaTeX Info: Redefining \overline on input line 375.
\classnum@=\count98
\DOTSCASE@=\count99
LaTeX Info: Redefining \ldots on input line 472.
LaTeX Info: Redefining \dots on input line 475.
LaTeX Info: Redefining \cdots on input line 596.
\Mathstrutbox@=\box28
\strutbox@=\box29
\big@size=\dimen132
LaTeX Font Info:    Redeclaring font encoding OML on input line 712.
LaTeX Font Info:    Redeclaring font encoding OMS on input line 713.
\macc@depth=\count100
\c@MaxMatrixCols=\count101
\dotsspace@=\muskip10
\c@parentequation=\count102
\dspbrk@lvl=\count103
\tag@help=\toks21
\row@=\count104
\column@=\count105
\maxfields@=\count106
\andhelp@=\toks22
\eqnshift@=\dimen133
\alignsep@=\dimen134
\tagshift@=\dimen135
\tagwidth@=\dimen136
\totwidth@=\dimen137
\lineht@=\dimen138
\@envbody=\toks23
\multlinegap=\skip51
\multlinetaggap=\skip52
\mathdisplay@stack=\toks24
LaTeX Info: Redefining \[ on input line 2817.
LaTeX Info: Redefining \] on input line 2818.
)
(D:\PortableTEX\texmfs\install\tex\latex\amsfonts\amssymb.sty
Package: amssymb 2013/01/14 v3.01 AMS font symbols

(D:\PortableTEX\texmfs\install\tex\latex\amsfonts\amsfonts.sty
Package: amsfonts 2013/01/14 v3.01 Basic AMSFonts support
\symAMSa=\mathgroup4
\symAMSb=\mathgroup5
LaTeX Font Info:    Overwriting math alphabet `\mathfrak' in version `bold'
(Font)                  U/euf/m/n --> U/euf/b/n on input line 106.
))
(D:\PortableTEX\texmfs\install\tex\latex\amscls\amsthm.sty
Package: amsthm 2017/10/31 v2.20.4
\thm@style=\toks25
\thm@bodyfont=\toks26
\thm@headfont=\toks27
\thm@notefont=\toks28
\thm@headpunct=\toks29
\thm@preskip=\skip53
\thm@postskip=\skip54
\thm@headsep=\skip55
\dth@everypar=\toks30
)
(D:\PortableTEX\texmfs\install\tex\latex\fancyvrb\fancyvrb.sty
Package: fancyvrb 2008/02/07

Style option: `fancyvrb' v2.7a, with DG/SPQR fixes, and firstline=lastline fix 
<2008/02/07> (tvz)
\FV@CodeLineNo=\count107
\FV@InFile=\read1
\FV@TabBox=\box30
\c@FancyVerbLine=\count108
\FV@StepNumber=\count109
\FV@OutFile=\write3
)
(D:\PortableTEX\texmfs\install\tex\latex\tools\longtable.sty
Package: longtable 2014/10/28 v4.11 Multi-page Table package (DPC)
\LTleft=\skip56
\LTright=\skip57
\LTpre=\skip58
\LTpost=\skip59
\LTchunksize=\count110
\LTcapwidth=\dimen139
\LT@head=\box31
\LT@firsthead=\box32
\LT@foot=\box33
\LT@lastfoot=\box34
\LT@cols=\count111
\LT@rows=\count112
\c@LT@tables=\count113
\c@LT@chunks=\count114
\LT@p@ftn=\toks31
)
(D:\PortableTEX\texmfs\install\tex\latex\tools\array.sty
Package: array 2016/10/06 v2.4d Tabular extension package (FMi)
\col@sep=\dimen140
\extrarowheight=\dimen141
\NC@list=\toks32
\extratabsurround=\skip60
\backup@length=\skip61
)
(D:\PortableTEX\texmfs\install\tex\generic\babel\babel.sty
Package: babel 2018/01/04 3.16 The Babel package

(D:\PortableTEX\texmfs\install\tex\generic\babel\switch.def
File: switch.def 2018/01/04 3.16 Babel switching mechanism
)
*************************************
* Local config file bblopts.cfg used
*
(D:\PortableTEX\texmfs\install\tex\latex\arabi\bblopts.cfg
File: bblopts.cfg 2005/09/08 v0.1 add Arabic and Farsi to "declared" options of
 babel
)
(D:\PortableTEX\texmfs\install\tex\latex\babel-english\english.ldf
Language: english 2017/06/06 v3.3r English support from the babel system

(D:\PortableTEX\texmfs\install\tex\generic\babel\babel.def
File: babel.def 2018/01/04 3.16 Babel common definitions

(D:\PortableTEX\texmfs\install\tex\generic\babel\switch.def
File: switch.def 2018/01/04 3.16 Babel switching mechanism
)
\babel@savecnt=\count115
\U@D=\dimen142

(D:\PortableTEX\texmfs\install\tex\generic\babel\txtbabel.def)
\bbl@dirlevel=\count116
)
\l@canadian = a dialect from \language\l@american 
\l@australian = a dialect from \language\l@british 
\l@newzealand = a dialect from \language\l@british 
)
(D:\PortableTEX\texmfs\install\tex\latex\babel-russian\russianb.ldf
Language: russian 2017/08/12 1.3j Russian support for the Babel system
Package babel Info: Making " an active character on input line 120.
Package babel Info: Default for \cyrdash is provided on input line 157.
))
(D:\PortableTEX\texmfs\install\tex\latex\hyperref\hyperref.sty
Package: hyperref 2017/03/14 v6.85a Hypertext links for LaTeX

(D:\PortableTEX\texmfs\install\tex\generic\oberdiek\hobsub-hyperref.sty
Package: hobsub-hyperref 2016/05/16 v1.14 Bundle oberdiek, subset hyperref (HO)


(D:\PortableTEX\texmfs\install\tex\generic\oberdiek\hobsub-generic.sty
Package: hobsub-generic 2016/05/16 v1.14 Bundle oberdiek, subset generic (HO)
Package: hobsub 2016/05/16 v1.14 Construct package bundles (HO)
Package: infwarerr 2016/05/16 v1.4 Providing info/warning/error messages (HO)
Package: ltxcmds 2016/05/16 v1.23 LaTeX kernel commands for general use (HO)
Package: ifluatex 2016/05/16 v1.4 Provides the ifluatex switch (HO)
Package ifluatex Info: LuaTeX not detected.
Package hobsub Info: Skipping package `ifvtex' (already loaded).
Package: intcalc 2016/05/16 v1.2 Expandable calculations with integers (HO)
Package hobsub Info: Skipping package `ifpdf' (already loaded).
Package: etexcmds 2016/05/16 v1.6 Avoid name clashes with e-TeX commands (HO)
Package etexcmds Info: Could not find \expanded.
(etexcmds)             That can mean that you are not using pdfTeX 1.50 or
(etexcmds)             that some package has redefined \expanded.
(etexcmds)             In the latter case, load this package earlier.
Package: kvsetkeys 2016/05/16 v1.17 Key value parser (HO)
Package: kvdefinekeys 2016/05/16 v1.4 Define keys (HO)
Package: pdftexcmds 2017/03/19 v0.25 Utility functions of pdfTeX for LuaTeX (HO
)
Package pdftexcmds Info: LuaTeX not detected.
Package pdftexcmds Info: \pdf@primitive is available.
Package pdftexcmds Info: \pdf@ifprimitive is available.
Package pdftexcmds Info: \pdfdraftmode found.
Package: pdfescape 2016/05/16 v1.14 Implements pdfTeX's escape features (HO)
Package: bigintcalc 2016/05/16 v1.4 Expandable calculations on big integers (HO
)
Package: bitset 2016/05/16 v1.2 Handle bit-vector datatype (HO)
Package: uniquecounter 2016/05/16 v1.3 Provide unlimited unique counter (HO)
)
Package hobsub Info: Skipping package `hobsub' (already loaded).
Package: letltxmacro 2016/05/16 v1.5 Let assignment for LaTeX macros (HO)
Package: hopatch 2016/05/16 v1.3 Wrapper for package hooks (HO)
Package: xcolor-patch 2016/05/16 xcolor patch
Package: atveryend 2016/05/16 v1.9 Hooks at the very end of document (HO)
Package atveryend Info: \enddocument detected (standard20110627).
Package: atbegshi 2016/06/09 v1.18 At begin shipout hook (HO)
Package: refcount 2016/05/16 v3.5 Data extraction from label references (HO)
Package: hycolor 2016/05/16 v1.8 Color options for hyperref/bookmark (HO)
)
(D:\PortableTEX\texmfs\install\tex\latex\oberdiek\auxhook.sty
Package: auxhook 2016/05/16 v1.4 Hooks for auxiliary files (HO)
)
(D:\PortableTEX\texmfs\install\tex\latex\oberdiek\kvoptions.sty
Package: kvoptions 2016/05/16 v3.12 Key value format for package options (HO)
)
\@linkdim=\dimen143
\Hy@linkcounter=\count117
\Hy@pagecounter=\count118

(D:\PortableTEX\texmfs\install\tex\latex\hyperref\pd1enc.def
File: pd1enc.def 2017/03/14 v6.85a Hyperref: PDFDocEncoding definition (HO)
)
\Hy@SavedSpaceFactor=\count119
Package hyperref Info: Option `unicode' set `true' on input line 3453.

(D:\PortableTEX\texmfs\install\tex\latex\hyperref\puenc.def
File: puenc.def 2017/03/14 v6.85a Hyperref: PDF Unicode definition (HO)
)
(D:\PortableTEX\texmfs\install\tex\latex\00miktex\hyperref.cfg
File: hyperref.cfg 2002/06/06 v1.2 hyperref configuration of TeXLive
)
Package hyperref Info: Option `colorlinks' set `true' on input line 4374.
Package hyperref Info: Hyper figures OFF on input line 4498.
Package hyperref Info: Link nesting OFF on input line 4503.
Package hyperref Info: Hyper index ON on input line 4506.
Package hyperref Info: Plain pages OFF on input line 4513.
Package hyperref Info: Backreferencing OFF on input line 4518.
Package hyperref Info: Implicit mode ON; LaTeX internals redefined.
Package hyperref Info: Bookmarks ON on input line 4751.
\c@Hy@tempcnt=\count120

(D:\PortableTEX\texmfs\install\tex\latex\url\url.sty
\Urlmuskip=\muskip11
Package: url 2013/09/16  ver 3.4  Verb mode for urls, etc.
)
LaTeX Info: Redefining \url on input line 5104.
\XeTeXLinkMargin=\dimen144
\Fld@menulength=\count121
\Field@Width=\dimen145
\Fld@charsize=\dimen146
Package hyperref Info: Hyper figures OFF on input line 6358.
Package hyperref Info: Link nesting OFF on input line 6363.
Package hyperref Info: Hyper index ON on input line 6366.
Package hyperref Info: backreferencing OFF on input line 6373.
Package hyperref Info: Link coloring ON on input line 6376.
Package hyperref Info: Link coloring with OCG OFF on input line 6383.
Package hyperref Info: PDF/A mode OFF on input line 6388.
LaTeX Info: Redefining \ref on input line 6428.
LaTeX Info: Redefining \pageref on input line 6432.
\Hy@abspage=\count122
\c@Item=\count123
\c@Hfootnote=\count124
)

Package hyperref Message: Driver (autodetected): hpdftex.

(D:\PortableTEX\texmfs\install\tex\latex\hyperref\hpdftex.def
File: hpdftex.def 2017/03/14 v6.85a Hyperref driver for pdfTeX
\Fld@listcount=\count125
\c@bookmark@seq@number=\count126

(D:\PortableTEX\texmfs\install\tex\latex\oberdiek\rerunfilecheck.sty
Package: rerunfilecheck 2016/05/16 v1.8 Rerun checks for auxiliary files (HO)
Package uniquecounter Info: New unique counter `rerunfilecheck' on input line 2
82.
)
\Hy@SectionHShift=\skip62
)
\c@lem=\count127

(example-work.aux)
\openout1 = `example-work.aux'.

LaTeX Font Info:    Checking defaults for OML/cmm/m/it on input line 43.
LaTeX Font Info:    ... okay on input line 43.
LaTeX Font Info:    Checking defaults for T1/cmr/m/n on input line 43.
LaTeX Font Info:    ... okay on input line 43.
LaTeX Font Info:    Checking defaults for OT1/cmr/m/n on input line 43.
LaTeX Font Info:    ... okay on input line 43.
LaTeX Font Info:    Checking defaults for OMS/cmsy/m/n on input line 43.
LaTeX Font Info:    ... okay on input line 43.
LaTeX Font Info:    Checking defaults for OMX/cmex/m/n on input line 43.
LaTeX Font Info:    ... okay on input line 43.
LaTeX Font Info:    Checking defaults for U/cmr/m/n on input line 43.
LaTeX Font Info:    ... okay on input line 43.
LaTeX Font Info:    Checking defaults for T2A/cmr/m/n on input line 43.
LaTeX Font Info:    ... okay on input line 43.
LaTeX Font Info:    Checking defaults for PD1/pdf/m/n on input line 43.
LaTeX Font Info:    ... okay on input line 43.
LaTeX Font Info:    Checking defaults for PU/pdf/m/n on input line 43.
LaTeX Font Info:    ... okay on input line 43.
LaTeX Font Info:    Try loading font information for T2A+ftm on input line 43.
 (D:\PortableTEX\texmfs\localtexmf\tex\latex\pscyr\t2aftm.fd
File: t2aftm.fd 2001/03/03 v0.4c PS font definitions for T2A/TimesNewRomanPSMT/
PSCyr
)
*geometry* driver: auto-detecting
*geometry* detected driver: pdftex
*geometry* verbose mode - [ preamble ] result:
* driver: pdftex
* paper: a4paper
* layout: <same size as paper>
* layoutoffset:(h,v)=(0.0pt,0.0pt)
* modes: 
* h-part:(L,W,R)=(71.13188pt, 483.69687pt, 42.67912pt)
* v-part:(T,H,B)=(56.9055pt, 731.23584pt, 56.9055pt)
* \paperwidth=597.50787pt
* \paperheight=845.04684pt
* \textwidth=483.69687pt
* \textheight=731.23584pt
* \oddsidemargin=-1.1381pt
* \evensidemargin=-1.1381pt
* \topmargin=-15.36449pt
* \headheight=0.0pt
* \headsep=0.0pt
* \topskip=14.0pt
* \footskip=28.45274pt
* \marginparwidth=24.0pt
* \marginparsep=10.0pt
* \columnsep=10.0pt
* \skip\footins=12.0pt plus 4.0pt minus 2.0pt
* \hoffset=0.0pt
* \voffset=0.0pt
* \mag=1000
* \@twocolumnfalse
* \@twosidefalse
* \@mparswitchfalse
* \@reversemarginfalse
* (1in=72.27pt=25.4mm, 1cm=28.453pt)

Package caption Info: Begin \AtBeginDocument code.
Package caption Info: hyperref package is loaded.
Package caption Info: longtable package is loaded.
(D:\PortableTEX\texmfs\install\tex\latex\caption\ltcaption.sty
Package: ltcaption 2013/06/09 v1.4-94 longtable captions (AR)
)
Package caption Info: End \AtBeginDocument code.
Package caption Info: We need package `ragged2e' on input line 43.

(D:\PortableTEX\texmfs\install\tex\latex\ms\ragged2e.sty
Package: ragged2e 2009/05/21 v2.1 ragged2e Package (MS)

(D:\PortableTEX\texmfs\install\tex\latex\ms\everysel.sty
Package: everysel 2011/10/28 v1.2 EverySelectfont Package (MS)

ABD: EverySelectfont initializing macros
LaTeX Info: Redefining \selectfont on input line 126.
)
\CenteringLeftskip=\skip63
\RaggedLeftLeftskip=\skip64
\RaggedRightLeftskip=\skip65
\CenteringRightskip=\skip66
\RaggedLeftRightskip=\skip67
\RaggedRightRightskip=\skip68
\CenteringParfillskip=\skip69
\RaggedLeftParfillskip=\skip70
\RaggedRightParfillskip=\skip71
\JustifyingParfillskip=\skip72
\CenteringParindent=\skip73
\RaggedLeftParindent=\skip74
\RaggedRightParindent=\skip75
\JustifyingParindent=\skip76
)
(D:\PortableTEX\texmfs\install\tex\context\base\supp-pdf.mkii
[Loading MPS to PDF converter (version 2006.09.02).]
\scratchcounter=\count128
\scratchdimen=\dimen147
\scratchbox=\box35
\nofMPsegments=\count129
\nofMParguments=\count130
\everyMPshowfont=\toks33
\MPscratchCnt=\count131
\MPscratchDim=\dimen148
\MPnumerator=\count132
\makeMPintoPDFobject=\count133
\everyMPtoPDFconversion=\toks34
) (D:\PortableTEX\texmfs\install\tex\latex\oberdiek\epstopdf-base.sty
Package: epstopdf-base 2016/05/15 v2.6 Base part for package epstopdf

(D:\PortableTEX\texmfs\install\tex\latex\oberdiek\grfext.sty
Package: grfext 2016/05/16 v1.2 Manage graphics extensions (HO)
)
Package epstopdf-base Info: Redefining graphics rule for `.eps' on input line 4
38.
Package grfext Info: Graphics extension search list:
(grfext)             [.pdf,.png,.jpg,.mps,.jpeg,.jbig2,.jb2,.PDF,.PNG,.JPG,.JPE
G,.JBIG2,.JB2,.eps]
(grfext)             \AppendGraphicsExtensions on input line 456.
)
\AtBeginShipoutBox=\box36

(D:\PortableTEX\texmfs\install\tex\latex\graphics\color.sty
Package: color 2016/07/10 v1.1e Standard LaTeX Color (DPC)

(D:\PortableTEX\texmfs\install\tex\latex\graphics-cfg\color.cfg
File: color.cfg 2016/01/02 v1.6 sample color configuration
)
Package color Info: Driver file: pdftex.def on input line 147.
)
Package hyperref Info: Link coloring ON on input line 43.

(D:\PortableTEX\texmfs\install\tex\latex\hyperref\nameref.sty
Package: nameref 2016/05/21 v2.44 Cross-referencing by name of section

(D:\PortableTEX\texmfs\install\tex\generic\oberdiek\gettitlestring.sty
Package: gettitlestring 2016/05/16 v1.5 Cleanup title references (HO)
)
\c@section@level=\count134
)
LaTeX Info: Redefining \ref on input line 43.
LaTeX Info: Redefining \pageref on input line 43.
LaTeX Info: Redefining \nameref on input line 43.

(example-work.out) (example-work.out)
\@outlinefile=\write4
\openout4 = `example-work.out'.

Package babel Info: Redefining russian shorthand "|
(babel)             in language  on input line 107.
Package babel Info: Redefining russian shorthand "~
(babel)             in language  on input line 107.
Package babel Info: Redefining russian shorthand "|
(babel)             in language  on input line 107.
Package babel Info: Redefining russian shorthand "~
(babel)             in language  on input line 107.
 [1

{D:/PortableTEX/texmfs/data/pdftex/config/pdftex.map}] (example-work.toc
LaTeX Font Info:    Try loading font information for OT1+ftm on input line 1.

(D:\PortableTEX\texmfs\localtexmf\tex\latex\pscyr\ot1ftm.fd
File: ot1ftm.fd 2001/03/03 Fontinst v1.801 font definitions for OT1/ftm.
)
LaTeX Font Info:    Try loading font information for U+msa on input line 2.

(D:\PortableTEX\texmfs\install\tex\latex\amsfonts\umsa.fd
File: umsa.fd 2013/01/14 v3.01 AMS symbols A
)
LaTeX Font Info:    Try loading font information for U+msb on input line 2.

(D:\PortableTEX\texmfs\install\tex\latex\amsfonts\umsb.fd
File: umsb.fd 2013/01/14 v3.01 AMS symbols B
))
\tf@toc=\write5
\openout5 = `example-work.toc'.

Package babel Info: Redefining russian shorthand "|
(babel)             in language  on input line 128.
Package babel Info: Redefining russian shorthand "~
(babel)             in language  on input line 128.
Package babel Info: Redefining russian shorthand "|
(babel)             in language  on input line 128.
Package babel Info: Redefining russian shorthand "~
(babel)             in language  on input line 128.
 [2

]
Package babel Info: Redefining russian shorthand "|
(babel)             in language  on input line 128.
Package babel Info: Redefining russian shorthand "~
(babel)             in language  on input line 128.
Package babel Info: Redefining russian shorthand "|
(babel)             in language  on input line 131.
Package babel Info: Redefining russian shorthand "~
(babel)             in language  on input line 131.
Package babel Info: Redefining russian shorthand "|
(babel)             in language  on input line 131.
Package babel Info: Redefining russian shorthand "~
(babel)             in language  on input line 131.
 [3

]
Package babel Info: Redefining russian shorthand "|
(babel)             in language  on input line 131.
Package babel Info: Redefining russian shorthand "~
(babel)             in language  on input line 131.
Package babel Info: Redefining russian shorthand "|
(babel)             in language  on input line 132.
Package babel Info: Redefining russian shorthand "~
(babel)             in language  on input line 132.
<Construct_workplace.png, id=85, 1263.97218pt x 768.62157pt>
File: Construct_workplace.png Graphic file (type png)
<use Construct_workplace.png>
Package pdftex.def Info: Construct_workplace.png  used on input line 139.
(pdftex.def)             Requested size: 492.94717pt x 299.7612pt.

Overfull \hbox (9.2503pt too wide) in paragraph at lines 139--140
 [][] 
 []

<Construct_objects.png, id=89, 613.54219pt x 585.68813pt>
File: Construct_objects.png Graphic file (type png)
<use Construct_objects.png>
Package pdftex.def Info: Construct_objects.png  used on input line 147.
(pdftex.def)             Requested size: 429.47661pt x 409.97888pt.
Package babel Info: Redefining russian shorthand "|
(babel)             in language  on input line 152.
Package babel Info: Redefining russian shorthand "~
(babel)             in language  on input line 152.
Package babel Info: Redefining russian shorthand "|
(babel)             in language  on input line 152.
Package babel Info: Redefining russian shorthand "~
(babel)             in language  on input line 152.
[4

 <./Construct_workplace.png>]
Package babel Info: Redefining russian shorthand "|
(babel)             in language  on input line 153.
Package babel Info: Redefining russian shorthand "~
(babel)             in language  on input line 153.
Package babel Info: Redefining russian shorthand "|
(babel)             in language  on input line 153.
Package babel Info: Redefining russian shorthand "~
(babel)             in language  on input line 153.
 [5 <./Construct_objects.png>]
<Construct_behaviors.png, id=107, 569.87906pt x 218.31563pt>
File: Construct_behaviors.png Graphic file (type png)
<use Construct_behaviors.png>
Package pdftex.def Info: Construct_behaviors.png  used on input line 157.
(pdftex.def)             Requested size: 455.90385pt x 174.65273pt.
<Construct_paint.png, id=109, 623.32875pt x 413.29407pt>
File: Construct_paint.png Graphic file (type png)
<use Construct_paint.png>
Package pdftex.def Info: Construct_paint.png  used on input line 164.
(pdftex.def)             Requested size: 498.66368pt x 330.6357pt.

Overfull \hbox (14.96681pt too wide) in paragraph at lines 164--165
 [][] 
 []

Package babel Info: Redefining russian shorthand "|
(babel)             in language  on input line 168.
Package babel Info: Redefining russian shorthand "~
(babel)             in language  on input line 168.
Package babel Info: Redefining russian shorthand "|
(babel)             in language  on input line 168.
Package babel Info: Redefining russian shorthand "~
(babel)             in language  on input line 168.
[6 <./Construct_behaviors.png>]
<Construct_eventsheet.png, id=118, 1050.92625pt x 660.96938pt>
File: Construct_eventsheet.png Graphic file (type png)
<use Construct_eventsheet.png>
Package pdftex.def Info: Construct_eventsheet.png  used on input line 174.
(pdftex.def)             Requested size: 420.36307pt x 264.38306pt.
<Construct_eventexample.png, id=119, 464.4853pt x 21.07875pt>
File: Construct_eventexample.png Graphic file (type png)
<use Construct_eventexample.png>
Package pdftex.def Info: Construct_eventexample.png  used on input line 180.
(pdftex.def)             Requested size: 464.48418pt x 21.07867pt.
Package babel Info: Redefining russian shorthand "|
(babel)             in language  on input line 184.
Package babel Info: Redefining russian shorthand "~
(babel)             in language  on input line 184.
Package babel Info: Redefining russian shorthand "|
(babel)             in language  on input line 184.
Package babel Info: Redefining russian shorthand "~
(babel)             in language  on input line 184.
 [7 <./Construct_paint.png>]
Package babel Info: Redefining russian shorthand "|
(babel)             in language  on input line 217.
Package babel Info: Redefining russian shorthand "~
(babel)             in language  on input line 217.
Package babel Info: Redefining russian shorthand "|
(babel)             in language  on input line 217.
Package babel Info: Redefining russian shorthand "~
(babel)             in language  on input line 217.
 [8 <./Construct_eventsheet.png> <./Construct_eventexample.png>]
Package babel Info: Redefining russian shorthand "|
(babel)             in language  on input line 219.
Package babel Info: Redefining russian shorthand "~
(babel)             in language  on input line 219.
<Unity_zlayers.png, id=141, 472.01344pt x 482.55281pt>
File: Unity_zlayers.png Graphic file (type png)
<use Unity_zlayers.png>
Package pdftex.def Info: Unity_zlayers.png  used on input line 226.
(pdftex.def)             Requested size: 330.40715pt x 337.78465pt.
Package babel Info: Redefining russian shorthand "|
(babel)             in language  on input line 231.
Package babel Info: Redefining russian shorthand "~
(babel)             in language  on input line 231.
Package babel Info: Redefining russian shorthand "|
(babel)             in language  on input line 231.
Package babel Info: Redefining russian shorthand "~
(babel)             in language  on input line 231.
 [9]
<Unity_components.png, id=150, 760.34062pt x 614.295pt>
File: Unity_components.png Graphic file (type png)
<use Unity_components.png>
Package pdftex.def Info: Unity_components.png  used on input line 234.
(pdftex.def)             Requested size: 456.20789pt x 368.57983pt.
Package babel Info: Redefining russian shorthand "|
(babel)             in language  on input line 238.
Package babel Info: Redefining russian shorthand "~
(babel)             in language  on input line 238.
Package babel Info: Redefining russian shorthand "|
(babel)             in language  on input line 238.
Package babel Info: Redefining russian shorthand "~
(babel)             in language  on input line 238.
 [10 <./Unity_zlayers.png>]
<Unity_animation.png, id=159, 783.67781pt x 63.98906pt>
File: Unity_animation.png Graphic file (type png)
<use Unity_animation.png>
Package pdftex.def Info: Unity_animation.png  used on input line 244.
(pdftex.def)             Requested size: 470.21031pt x 38.39372pt.
Package babel Info: Redefining russian shorthand "|
(babel)             in language  on input line 249.
Package babel Info: Redefining russian shorthand "~
(babel)             in language  on input line 249.
Package babel Info: Redefining russian shorthand "|
(babel)             in language  on input line 249.
Package babel Info: Redefining russian shorthand "~
(babel)             in language  on input line 249.

[11 <./Unity_components.png> <./Unity_animation.png>]
<Unity_animatorchange.png, id=168, 722.7pt x 341.77687pt>
File: Unity_animatorchange.png Graphic file (type png)
<use Unity_animatorchange.png>
Package pdftex.def Info: Unity_animatorchange.png  used on input line 252.
(pdftex.def)             Requested size: 433.62334pt x 205.0677pt.
LaTeX Font Info:    Try loading font information for T2A+cmtt on input line 258
.

(D:\PortableTEX\texmfs\install\tex\latex\cyrillic\t2acmtt.fd
File: t2acmtt.fd 2001/08/11 v1.0a Computer Modern Cyrillic font definitions
)
Package babel Info: Redefining russian shorthand "|
(babel)             in language  on input line 277.
Package babel Info: Redefining russian shorthand "~
(babel)             in language  on input line 277.
Package babel Info: Redefining russian shorthand "|
(babel)             in language  on input line 277.
Package babel Info: Redefining russian shorthand "~
(babel)             in language  on input line 277.
 [12 <./Unity_animatorchange.png>]
Overfull \hbox (11.24698pt too wide) in paragraph at lines 283--304
[][] 
 []

Package babel Info: Redefining russian shorthand "|
(babel)             in language  on input line 307.
Package babel Info: Redefining russian shorthand "~
(babel)             in language  on input line 307.
Package babel Info: Redefining russian shorthand "|
(babel)             in language  on input line 307.
Package babel Info: Redefining russian shorthand "~
(babel)             in language  on input line 307.
[13]
Package babel Info: Redefining russian shorthand "|
(babel)             in language  on input line 307.
Package babel Info: Redefining russian shorthand "~
(babel)             in language  on input line 307.
Package babel Info: Redefining russian shorthand "|
(babel)             in language  on input line 310.
Package babel Info: Redefining russian shorthand "~
(babel)             in language  on input line 310.
Package babel Info: Redefining russian shorthand "|
(babel)             in language  on input line 317.
Package babel Info: Redefining russian shorthand "~
(babel)             in language  on input line 317.
Package babel Info: Redefining russian shorthand "|
(babel)             in language  on input line 322.
Package babel Info: Redefining russian shorthand "~
(babel)             in language  on input line 322.


LaTeX Warning: Citation `Pcgamer' on page 14 undefined on input line 323.


Overfull \hbox (8.79346pt too wide) in paragraph at lines 323--324
[]\T2A/ftm/m/n/14.4 В Construct эк-порт про-ек-та про-ис-хо-дить с по-мо-щью пе
-ре-во-да на JavaScript.
 []

Package babel Info: Redefining russian shorthand "|
(babel)             in language  on input line 324.
Package babel Info: Redefining russian shorthand "~
(babel)             in language  on input line 324.
Package babel Info: Redefining russian shorthand "|
(babel)             in language  on input line 324.
Package babel Info: Redefining russian shorthand "~
(babel)             in language  on input line 324.
[14

]
Package babel Info: Redefining russian shorthand "|
(babel)             in language  on input line 327.
Package babel Info: Redefining russian shorthand "~
(babel)             in language  on input line 327.


LaTeX Warning: Citation `Pcgamer' on page 15 undefined on input line 330.

Package babel Info: Redefining russian shorthand "|
(babel)             in language  on input line 331.
Package babel Info: Redefining russian shorthand "~
(babel)             in language  on input line 331.
Package babel Info: Redefining russian shorthand "|
(babel)             in language  on input line 331.
Package babel Info: Redefining russian shorthand "~
(babel)             in language  on input line 331.
[15]
Package babel Info: Redefining russian shorthand "|
(babel)             in language  on input line 332.
Package babel Info: Redefining russian shorthand "~
(babel)             in language  on input line 332.
Package babel Info: Redefining russian shorthand "|
(babel)             in language  on input line 333.
Package babel Info: Redefining russian shorthand "~
(babel)             in language  on input line 333.
<Construct_starting.png, id=201, 799.48688pt x 774.64406pt>
File: Construct_starting.png Graphic file (type png)
<use Construct_starting.png>
Package pdftex.def Info: Construct_starting.png  used on input line 340.
(pdftex.def)             Requested size: 399.74246pt x 387.32108pt.
<Construct_startevent.png, id=203, 440.39531pt x 45.92157pt>
File: Construct_startevent.png Graphic file (type png)
<use Construct_startevent.png>
Package pdftex.def Info: Construct_startevent.png  used on input line 348.
(pdftex.def)             Requested size: 440.39423pt x 45.92145pt.
Package babel Info: Redefining russian shorthand "|
(babel)             in language  on input line 353.
Package babel Info: Redefining russian shorthand "~
(babel)             in language  on input line 353.
Package babel Info: Redefining russian shorthand "|
(babel)             in language  on input line 353.
Package babel Info: Redefining russian shorthand "~
(babel)             in language  on input line 353.
 [16

 <./Construct_starting.png>]
<Construct_game.png, id=212, 567.62062pt x 568.37344pt>
File: Construct_game.png Graphic file (type png)
<use Construct_game.png>
Package pdftex.def Info: Construct_game.png  used on input line 356.
(pdftex.def)             Requested size: 397.33171pt x 397.8587pt.
Package babel Info: Redefining russian shorthand "|
(babel)             in language  on input line 361.
Package babel Info: Redefining russian shorthand "~
(babel)             in language  on input line 361.
Package babel Info: Redefining russian shorthand "|
(babel)             in language  on input line 361.
Package babel Info: Redefining russian shorthand "~
(babel)             in language  on input line 361.
 [17 <./Construct_startevent.png> <./Construct_game.png>]
<Construct_pluer.png, id=221, 190.46156pt x 601.4972pt>
File: Construct_pluer.png Graphic file (type png)
<use Construct_pluer.png>
Package pdftex.def Info: Construct_pluer.png  used on input line 364.
(pdftex.def)             Requested size: 133.32216pt x 421.04517pt.
<Construct_control.png, id=223, 600.74437pt x 140.02313pt>
File: Construct_control.png Graphic file (type png)
<use Construct_control.png>
Package pdftex.def Info: Construct_control.png  used on input line 372.
(pdftex.def)             Requested size: 480.59615pt x 112.01865pt.
Package babel Info: Redefining russian shorthand "|
(babel)             in language  on input line 376.
Package babel Info: Redefining russian shorthand "~
(babel)             in language  on input line 376.
Package babel Info: Redefining russian shorthand "|
(babel)             in language  on input line 376.
Package babel Info: Redefining russian shorthand "~
(babel)             in language  on input line 376.
 [18 <./Construct_pluer.png>]
<Construct_switchanim.png, id=232, 493.0922pt x 188.20313pt>
File: Construct_switchanim.png Graphic file (type png)
<use Construct_switchanim.png>
Package pdftex.def Info: Construct_switchanim.png  used on input line 382.
(pdftex.def)             Requested size: 493.09099pt x 188.20265pt.

Overfull \hbox (9.39412pt too wide) in paragraph at lines 382--383
 [][] 
 []

<Construct_coin.png, id=234, 359.09157pt x 48.93282pt>
File: Construct_coin.png Graphic file (type png)
<use Construct_coin.png>
Package pdftex.def Info: Construct_coin.png  used on input line 390.
(pdftex.def)             Requested size: 359.09068pt x 48.93268pt.
Package babel Info: Redefining russian shorthand "|
(babel)             in language  on input line 395.
Package babel Info: Redefining russian shorthand "~
(babel)             in language  on input line 395.
Package babel Info: Redefining russian shorthand "|
(babel)             in language  on input line 395.
Package babel Info: Redefining russian shorthand "~
(babel)             in language  on input line 395.
[19 <./Construct_control.png> <./Construct_switchanim.png>]
<Construct_deathstatic.png, id=245, 348.55219pt x 75.28125pt>
File: Construct_deathstatic.png Graphic file (type png)
<use Construct_deathstatic.png>
Package pdftex.def Info: Construct_deathstatic.png  used on input line 401.
(pdftex.def)             Requested size: 348.55132pt x 75.28105pt.
<Construct_deth.png, id=247, 377.91188pt x 49.68562pt>
File: Construct_deth.png Graphic file (type png)
<use Construct_deth.png>
Package pdftex.def Info: Construct_deth.png  used on input line 409.
(pdftex.def)             Requested size: 377.91095pt x 49.6855pt.
Package babel Info: Redefining russian shorthand "|
(babel)             in language  on input line 414.
Package babel Info: Redefining russian shorthand "~
(babel)             in language  on input line 414.
Package babel Info: Redefining russian shorthand "|
(babel)             in language  on input line 414.
Package babel Info: Redefining russian shorthand "~
(babel)             in language  on input line 414.
 [20 <./Construct_coin.png> <./Construct_deathstatic.png> <./Construct_deth.png
>]
<Construct_shot.png, id=264, 512.66531pt x 78.2925pt>
File: Construct_shot.png Graphic file (type png)
<use Construct_shot.png>
Package pdftex.def Info: Construct_shot.png  used on input line 417.
(pdftex.def)             Requested size: 410.1328pt x 62.63406pt.
<Construct_trigger.png, id=265, 520.94624pt x 77.53969pt>
File: Construct_trigger.png Graphic file (type png)
<use Construct_trigger.png>
Package pdftex.def Info: Construct_trigger.png  used on input line 423.
(pdftex.def)             Requested size: 416.75757pt x 62.03181pt.
<Construct_create.png, id=266, 371.13657pt x 60.97781pt>
File: Construct_create.png Graphic file (type png)
<use Construct_create.png>
Package pdftex.def Info: Construct_create.png  used on input line 429.
(pdftex.def)             Requested size: 371.13565pt x 60.97765pt.
<Construct_wall.png, id=267, 341.77687pt x 83.5622pt>
File: Construct_wall.png Graphic file (type png)
<use Construct_wall.png>
Package pdftex.def Info: Construct_wall.png  used on input line 435.
(pdftex.def)             Requested size: 341.77603pt x 83.56198pt.
<Construct_pluerarrow.png, id=268, 341.02406pt x 91.09032pt>
File: Construct_pluerarrow.png Graphic file (type png)
<use Construct_pluerarrow.png>
Package pdftex.def Info: Construct_pluerarrow.png  used on input line 441.
(pdftex.def)             Requested size: 341.02322pt x 91.09007pt.
Package babel Info: Redefining russian shorthand "|
(babel)             in language  on input line 446.
Package babel Info: Redefining russian shorthand "~
(babel)             in language  on input line 446.
Package babel Info: Redefining russian shorthand "|
(babel)             in language  on input line 446.
Package babel Info: Redefining russian shorthand "~
(babel)             in language  on input line 446.
 [21 <./Construct_shot.png> <./Construct_trigger.png> <./Construct_create.png> 
<./Construct_wall.png> <./Construct_pluerarrow.png>]
<Construct_enemy.png, id=282, 442.65375pt x 461.47406pt>
File: Construct_enemy.png Graphic file (type png)
<use Construct_enemy.png>
Package pdftex.def Info: Construct_enemy.png  used on input line 449.
(pdftex.def)             Requested size: 442.65265pt x 461.47292pt.
Package babel Info: Redefining russian shorthand "|
(babel)             in language  on input line 454.
Package babel Info: Redefining russian shorthand "~
(babel)             in language  on input line 454.
Package babel Info: Redefining russian shorthand "|
(babel)             in language  on input line 454.
Package babel Info: Redefining russian shorthand "~
(babel)             in language  on input line 454.
 [22 <./Construct_enemy.png>]
<Construct_exit.png, id=292, 369.63094pt x 38.39343pt>
File: Construct_exit.png Graphic file (type png)
<use Construct_exit.png>
Package pdftex.def Info: Construct_exit.png  used on input line 457.
(pdftex.def)             Requested size: 369.63002pt x 38.39333pt.
<Construct_coincount.png, id=293, 331.2375pt x 30.1125pt>
File: Construct_coincount.png Graphic file (type png)
<use Construct_coincount.png>
Package pdftex.def Info: Construct_coincount.png  used on input line 463.
(pdftex.def)             Requested size: 331.23668pt x 30.11241pt.
<Construct_fin.png, id=294, 377.91188pt x 366.61969pt>
File: Construct_fin.png Graphic file (type png)
<use Construct_fin.png>
Package pdftex.def Info: Construct_fin.png  used on input line 469.
(pdftex.def)             Requested size: 377.91095pt x 366.61879pt.
Package babel Info: Redefining russian shorthand "|
(babel)             in language  on input line 474.
Package babel Info: Redefining russian shorthand "~
(babel)             in language  on input line 474.
Package babel Info: Redefining russian shorthand "|
(babel)             in language  on input line 476.
Package babel Info: Redefining russian shorthand "~
(babel)             in language  on input line 476.
Package babel Info: Redefining russian shorthand "|
(babel)             in language  on input line 476.
Package babel Info: Redefining russian shorthand "~
(babel)             in language  on input line 476.
 [23 <./Construct_exit.png> <./Construct_coincount.png> <./Construct_fin.png>]
Package babel Info: Redefining russian shorthand "|
(babel)             in language  on input line 503.
Package babel Info: Redefining russian shorthand "~
(babel)             in language  on input line 503.
Package babel Info: Redefining russian shorthand "|
(babel)             in language  on input line 503.
Package babel Info: Redefining russian shorthand "~
(babel)             in language  on input line 503.
 [24]
Package babel Info: Redefining russian shorthand "|
(babel)             in language  on input line 525.
Package babel Info: Redefining russian shorthand "~
(babel)             in language  on input line 525.
Package babel Info: Redefining russian shorthand "|
(babel)             in language  on input line 525.
Package babel Info: Redefining russian shorthand "~
(babel)             in language  on input line 525.
 [25]
Package babel Info: Redefining russian shorthand "|
(babel)             in language  on input line 565.
Package babel Info: Redefining russian shorthand "~
(babel)             in language  on input line 565.
Package babel Info: Redefining russian shorthand "|
(babel)             in language  on input line 565.
Package babel Info: Redefining russian shorthand "~
(babel)             in language  on input line 565.

[26]
Package babel Info: Redefining russian shorthand "|
(babel)             in language  on input line 606.
Package babel Info: Redefining russian shorthand "~
(babel)             in language  on input line 606.
Package babel Info: Redefining russian shorthand "|
(babel)             in language  on input line 606.
Package babel Info: Redefining russian shorthand "~
(babel)             in language  on input line 606.
 [27]
Package babel Info: Redefining russian shorthand "|
(babel)             in language  on input line 640.
Package babel Info: Redefining russian shorthand "~
(babel)             in language  on input line 640.
Package babel Info: Redefining russian shorthand "|
(babel)             in language  on input line 640.
Package babel Info: Redefining russian shorthand "~
(babel)             in language  on input line 640.
 [28]
Package babel Info: Redefining russian shorthand "|
(babel)             in language  on input line 680.
Package babel Info: Redefining russian shorthand "~
(babel)             in language  on input line 680.
Package babel Info: Redefining russian shorthand "|
(babel)             in language  on input line 680.
Package babel Info: Redefining russian shorthand "~
(babel)             in language  on input line 680.
 [29]
Package babel Info: Redefining russian shorthand "|
(babel)             in language  on input line 716.
Package babel Info: Redefining russian shorthand "~
(babel)             in language  on input line 716.
Package babel Info: Redefining russian shorthand "|
(babel)             in language  on input line 716.
Package babel Info: Redefining russian shorthand "~
(babel)             in language  on input line 716.
 [30]
Package babel Info: Redefining russian shorthand "|
(babel)             in language  on input line 751.
Package babel Info: Redefining russian shorthand "~
(babel)             in language  on input line 751.
Package babel Info: Redefining russian shorthand "|
(babel)             in language  on input line 751.
Package babel Info: Redefining russian shorthand "~
(babel)             in language  on input line 751.
 [31]
Package babel Info: Redefining russian shorthand "|
(babel)             in language  on input line 786.
Package babel Info: Redefining russian shorthand "~
(babel)             in language  on input line 786.
Package babel Info: Redefining russian shorthand "|
(babel)             in language  on input line 786.
Package babel Info: Redefining russian shorthand "~
(babel)             in language  on input line 786.
 [32]
Package babel Info: Redefining russian shorthand "|
(babel)             in language  on input line 825.
Package babel Info: Redefining russian shorthand "~
(babel)             in language  on input line 825.
Package babel Info: Redefining russian shorthand "|
(babel)             in language  on input line 825.
Package babel Info: Redefining russian shorthand "~
(babel)             in language  on input line 825.
 [33]
Package babel Info: Redefining russian shorthand "|
(babel)             in language  on input line 862.
Package babel Info: Redefining russian shorthand "~
(babel)             in language  on input line 862.
Package babel Info: Redefining russian shorthand "|
(babel)             in language  on input line 862.
Package babel Info: Redefining russian shorthand "~
(babel)             in language  on input line 862.
 [34]
Package babel Info: Redefining russian shorthand "|
(babel)             in language  on input line 902.
Package babel Info: Redefining russian shorthand "~
(babel)             in language  on input line 902.
Package babel Info: Redefining russian shorthand "|
(babel)             in language  on input line 902.
Package babel Info: Redefining russian shorthand "~
(babel)             in language  on input line 902.
 [35] (example-work.bbl
Package babel Info: Redefining russian shorthand "|
(babel)             in language  on input line 1.
Package babel Info: Redefining russian shorthand "~
(babel)             in language  on input line 1.
Package babel Info: Redefining russian shorthand "|
(babel)             in language  on input line 1.
Package babel Info: Redefining russian shorthand "~
(babel)             in language  on input line 1.
 [36]
Package babel Info: Redefining russian shorthand "|
(babel)             in language  on input line 1.
Package babel Info: Redefining russian shorthand "~
(babel)             in language  on input line 1.

Underfull \hbox (badness 8151) in paragraph at lines 64--67
\T2A/cmtt/m/n/14.4 gamesparks . com / blog / unity-[]game-[]engine-[]review/$[]
[] \T2A/ftm/m/n/14.4 (Дата обращения
 []

)
Package atveryend Info: Empty hook `BeforeClearDocument' on input line 960.
Package babel Info: Redefining russian shorthand "|
(babel)             in language  on input line 960.
Package babel Info: Redefining russian shorthand "~
(babel)             in language  on input line 960.
Package babel Info: Redefining russian shorthand "|
(babel)             in language  on input line 960.
Package babel Info: Redefining russian shorthand "~
(babel)             in language  on input line 960.
 [37

]
Package atveryend Info: Empty hook `AfterLastShipout' on input line 960.
 (example-work.aux)
Package atveryend Info: Executing hook `AtVeryEndDocument' on input line 960.
Package atveryend Info: Executing hook `AtEndAfterFileList' on input line 960.
Package rerunfilecheck Info: File `example-work.out' has not changed.
(rerunfilecheck)             Checksum: 28282A6DF226EFD0F071A61FAA68E6D0;2681.


LaTeX Warning: There were undefined references.

Package atveryend Info: Empty hook `AtVeryVeryEnd' on input line 960.
 ) 
Here is how much of TeX's memory you used:
 13665 strings out of 493307
 198354 string characters out of 3129325
 280671 words of memory out of 3000000
 16909 multiletter control sequences out of 15000+200000
 18121 words of font info for 52 fonts, out of 3000000 for 9000
 1141 hyphenation exceptions out of 8191
 43i,10n,40p,1107b,517s stack positions out of 5000i,500n,10000p,200000b,50000s
 <D:\PortableTEX\texmfs/data\fonts\pk\ljfour\lh\lh-t2a\dpi600\latt1440.pk>{D:
/PortableTEX/texmfs/install/fonts/enc/t2/t2a.enc} <D:\PortableTEX\texmfs/data\f
onts\pk\ljfour\lh\lh-t2a\dpi600\latt1200.pk><D:/PortableTEX/texmfs/install/font
s/type1/public/amsfonts/symbols/msam10.pfb><D:/PortableTEX/texmfs/localtexmf/fo
nts/type1/public/pscyr/times.pfb><D:/PortableTEX/texmfs/localtexmf/fonts/type1/
public/pscyr/timesbd.pfb><D:/PortableTEX/texmfs/localtexmf/fonts/type1/public/p
scyr/timesi.pfb>
Output written on example-work.pdf (37 pages, 1506930 bytes).
PDF statistics:
 524 PDF objects out of 1000 (max. 8388607)
 90 named destinations out of 1000 (max. 500000)
 245 words of extra memory for PDF output out of 10000 (max. 10000000)

